#
# A fatal error has been detected by the Java Runtime Environment:
#
#  EXCEPTION_ACCESS_VIOLATION (0xc0000005) at pc=0x00007ffc04d99117, pid=6188, tid=3156
#
# JRE version: OpenJDK Runtime Environment (11.0.11+9) (build 11.0.11+9-b60-7590822)
# Java VM: OpenJDK 64-Bit Server VM (11.0.11+9-b60-7590822, mixed mode, tiered, compressed oops, g1 gc, windows-amd64)
# Problematic frame:
# V  [jvm.dll+0x509117]
#
# No core dump will be written. Minidumps are not enabled by default on client versions of Windows
#
# If you would like to submit a bug report, please visit:
#   https://bugreport.java.com/bugreport/crash.jsp
#

---------------  S U M M A R Y ------------

Command Line: --add-opens=java.base/java.util=ALL-UNNAMED --add-opens=java.base/java.lang=ALL-UNNAMED --add-opens=java.base/java.lang.invoke=ALL-UNNAMED --add-opens=java.base/java.util=ALL-UNNAMED --add-opens=java.prefs/java.util.prefs=ALL-UNNAMED --add-opens=java.prefs/java.util.prefs=ALL-UNNAMED --add-opens=java.base/java.nio.charset=ALL-UNNAMED --add-opens=java.base/java.net=ALL-UNNAMED --add-opens=java.base/java.util.concurrent.atomic=ALL-UNNAMED -Xmx2048m -Dfile.encoding=UTF-8 -Duser.country=CR -Duser.language=es -Duser.variant org.gradle.launcher.daemon.bootstrap.GradleDaemon 7.2

Host: AMD Ryzen 3 3200G with Radeon Vega Graphics    , 4 cores, 15G,  Windows 10 , 64 bit Build 19041 (10.0.19041.1566)
Time: Sat Mar 12 14:07:57 2022 Hora estándar, América Central elapsed time: 6177.786745 seconds (0d 1h 42m 57s)

---------------  T H R E A D  ---------------

Current thread (0x0000025757690000):  JavaThread "C2 CompilerThread1" daemon [_thread_in_native, id=3156, stack(0x00000086fb100000,0x00000086fb200000)]


Current CompileTask:
C2:6177786 20320       4       org.gradle.internal.graph.CachingDirectedGraphWalker::doSearch (659 bytes)

Stack: [0x00000086fb100000,0x00000086fb200000],  sp=0x00000086fb1fb5c0,  free space=1005k
Native frames: (J=compiled Java code, j=interpreted, Vv=VM code, C=native code)
V  [jvm.dll+0x509117]
V  [jvm.dll+0x5087a7]
V  [jvm.dll+0x1fd4b5]
V  [jvm.dll+0x1fb35f]
V  [jvm.dll+0x183d6c]
V  [jvm.dll+0x209a57]
V  [jvm.dll+0x2082a1]
V  [jvm.dll+0x6ef58f]
V  [jvm.dll+0x6e80b5]
V  [jvm.dll+0x5f1036]
C  [ucrtbase.dll+0x21bb2]
C  [KERNEL32.DLL+0x17034]
C  [ntdll.dll+0x52651]


siginfo: EXCEPTION_ACCESS_VIOLATION (0xc0000005), reading address 0x0000025555721348


Register to memory mapping:

RIP=0x00007ffc04d99117 jvm.dll
RAX=0x0 is NULL
RBX=0x0000025555721320 is an unknown value
RCX=0x0000000000000003 is an unknown value
RDX=0x00000257582b53d4 points into unknown readable memory: f6 fd ff ff
RSP=0x00000086fb1fb5c0 is pointing into the stack for thread: 0x0000025757690000
RBP=0x00000086fb1fb730 is pointing into the stack for thread: 0x0000025757690000
RSI=0x0000000000000c38 is an unknown value
RDI=0x00000086fb1fb6e0 is pointing into the stack for thread: 0x0000025757690000
R8 =0x0000000000000002 is an unknown value
R9 =0x00000086fb1fbbe0 is pointing into the stack for thread: 0x0000025757690000
R10=0x0000025753a89580 points into unknown readable memory: 0x000002575832abf0 | f0 ab 32 58 57 02 00 00
R11=0x0000025753a8d240 points into unknown readable memory: 0x0000025758325c58 | 58 5c 32 58 57 02 00 00
R12=0x00000086fb1fb678 is pointing into the stack for thread: 0x0000025757690000
R13=0x00000086fb1fb650 is pointing into the stack for thread: 0x0000025757690000
R14=0x0000000000000001 is an unknown value
R15=0x0000025755721080 points into unknown readable memory: 0x00007ffc0508ced8 | d8 ce 08 05 fc 7f 00 00


Registers:
RAX=0x0000000000000000, RBX=0x0000025555721320, RCX=0x0000000000000003, RDX=0x00000257582b53d4
RSP=0x00000086fb1fb5c0, RBP=0x00000086fb1fb730, RSI=0x0000000000000c38, RDI=0x00000086fb1fb6e0
R8 =0x0000000000000002, R9 =0x00000086fb1fbbe0, R10=0x0000025753a89580, R11=0x0000025753a8d240
R12=0x00000086fb1fb678, R13=0x00000086fb1fb650, R14=0x0000000000000001, R15=0x0000025755721080
RIP=0x00007ffc04d99117, EFLAGS=0x0000000000010203

Top of Stack: (sp=0x00000086fb1fb5c0)
0x00000086fb1fb5c0:   00000257549f0568 00000086fb1fb730
0x00000086fb1fb5d0:   0000000000000c71 00000086fb1fb678
0x00000086fb1fb5e0:   00000086fb1fc5b8 00007ffc04e614e0
0x00000086fb1fb5f0:   000002575de88210 0000000000000003
0x00000086fb1fb600:   0000025752a22180 00000086fb1fb730
0x00000086fb1fb610:   0000000000000000 0000000000000002
0x00000086fb1fb620:   00000086fb1fbbe0 00007ffc04d987a7
0x00000086fb1fb630:   00000086fb1fbbe0 0000000000000001
0x00000086fb1fb640:   0000000000000003 00000086fb1fb6e0
0x00000086fb1fb650:   000002575de88210 0000000000001000
0x00000086fb1fb660:   0000025754727ae0 0000025700000c33
0x00000086fb1fb670:   0000000000000003 00007ffc05102368
0x00000086fb1fb680:   000002575de88210 0000025700000200
0x00000086fb1fb690:   00000257582b52f0 000002575de88210
0x00000086fb1fb6a0:   0000025757739000 00000000000a8248
0x00000086fb1fb6b0:   0000025757739050 0000025757740fe8 

Instructions: (pc=0x00007ffc04d99117)
0x00007ffc04d99017:   18 00 0f 85 d3 fc ff ff 4c 8b 74 24 20 4c 8b 64
0x00007ffc04d99027:   24 28 48 8b 7c 24 30 48 8b 74 24 38 48 8b 5c 24
0x00007ffc04d99037:   68 48 83 c4 40 41 5f 41 5d 5d c3 cc cc cc cc cc
0x00007ffc04d99047:   cc cc cc cc cc cc cc cc cc 48 89 4c 24 08 57 41
0x00007ffc04d99057:   54 41 55 48 83 ec 50 41 83 78 18 00 49 8b f9 4c
0x00007ffc04d99067:   8b c9 4d 8b e8 4c 8b e2 0f 84 5c 02 00 00 48 89
0x00007ffc04d99077:   5c 24 78 48 89 6c 24 48 48 89 74 24 40 4c 89 74
0x00007ffc04d99087:   24 38 4c 89 7c 24 30 66 90 41 ff 4d 18 41 8b 4d
0x00007ffc04d99097:   18 49 8b 45 10 4c 8b 3c c8 41 8b 4f 28 8b c1 c1
0x00007ffc04d990a7:   e8 05 41 3b 44 24 10 72 13 49 8b 04 24 8b d1 49
0x00007ffc04d990b7:   8b cc ff 50 18 4c 8b 4c 24 70 eb 2a 83 e1 1f 41
0x00007ffc04d990c7:   b8 01 00 00 00 41 d3 e0 8b c8 49 8b 44 24 18 48
0x00007ffc04d990d7:   8d 14 88 8b 0c 88 8b c1 41 0b c8 89 0a 41 23 c0
0x00007ffc04d990e7:   0f 85 c0 01 00 00 41 8b 4f 20 45 33 f6 89 8c 24
0x00007ffc04d990f7:   80 00 00 00 0f 1f 44 00 00 44 3b f1 0f 83 74 01
0x00007ffc04d99107:   00 00 49 8b 5f 10 41 8b c6 41 ff c6 48 8b 1c c3
0x00007ffc04d99117:   8b 43 28 41 3b 41 28 73 0d 8b c8 49 8b 41 30 48
0x00007ffc04d99127:   83 3c c8 00 75 3c 48 83 7b 10 00 74 35 49 8d b1
0x00007ffc04d99137:   b8 09 00 00 8b 6e 18 8d 45 01 89 46 18 3b 6e 08
0x00007ffc04d99147:   72 0f 8b d5 48 8b ce e8 dd 82 0c 00 4c 8b 4c 24
0x00007ffc04d99157:   70 48 8b 46 10 8b 8c 24 80 00 00 00 48 89 1c e8
0x00007ffc04d99167:   eb 97 48 8b 43 08 48 83 38 00 0f 84 89 00 00 00
0x00007ffc04d99177:   48 8b 03 48 8b cb ff 50 10 84 c0 75 0a 8b 43 2c
0x00007ffc04d99187:   83 e0 0f 3c 0c 75 6d 8b 4b 28 8b c1 c1 e8 05 41
0x00007ffc04d99197:   3b 44 24 10 73 2a 4c 8b 4c 24 70 83 e1 1f 44 8b
0x00007ffc04d991a7:   c0 ba 01 00 00 00 49 8b 44 24 18 d3 e2 8b 8c 24
0x00007ffc04d991b7:   80 00 00 00 42 8b 04 80 23 c2 0f 85 39 ff ff ff
0x00007ffc04d991c7:   41 8b 75 18 8d 46 01 41 89 45 18 41 3b 75 08 72
0x00007ffc04d991d7:   0a 8b d6 49 8b cd e8 4e 82 0c 00 49 8b 45 10 8b
0x00007ffc04d991e7:   8c 24 80 00 00 00 4c 8b 4c 24 70 48 89 1c f0 e9
0x00007ffc04d991f7:   05 ff ff ff 4c 8b 4c 24 70 8b 4b 28 8b c1 c1 e8
0x00007ffc04d99207:   05 41 3b 44 24 10 72 0e 49 8b 04 24 8b d1 49 8b 


Stack slot to memory mapping:
stack at sp + 0 slots: 0x00000257549f0568 points into unknown readable memory: 0x00007ffc050ae1c8 | c8 e1 0a 05 fc 7f 00 00
stack at sp + 1 slots: 0x00000086fb1fb730 is pointing into the stack for thread: 0x0000025757690000
stack at sp + 2 slots: 0x0000000000000c71 is an unknown value
stack at sp + 3 slots: 0x00000086fb1fb678 is pointing into the stack for thread: 0x0000025757690000
stack at sp + 4 slots: 0x00000086fb1fc5b8 is pointing into the stack for thread: 0x0000025757690000
stack at sp + 5 slots: 0x00007ffc04e614e0 jvm.dll
stack at sp + 6 slots: 0x000002575de88210 points into unknown readable memory: 0x0000000000000006 | 06 00 00 00 00 00 00 00
stack at sp + 7 slots: 0x0000000000000003 is an unknown value


---------------  P R O C E S S  ---------------

Threads class SMR info:
_java_thread_list=0x0000025752db0a30, length=86, elements={
0x000002573561d800, 0x000002575117d800, 0x0000025751181000, 0x0000025751a0c800,
0x0000025751a0e000, 0x0000025751a12000, 0x0000025751a13000, 0x0000025751a76800,
0x0000025751a82000, 0x0000025751b81800, 0x000002575324d000, 0x0000025751f38800,
0x0000025753ea7000, 0x0000025753d58000, 0x0000025753d55800, 0x0000025753d54000,
0x0000025753d56800, 0x0000025753d57800, 0x00000257547d7800, 0x00000257547dc000,
0x00000257547d8000, 0x00000257547d6800, 0x00000257547de000, 0x0000025756bb7800,
0x0000025756bb8800, 0x0000025752786000, 0x0000025752e0a000, 0x0000025752780800,
0x000002575277a800, 0x000002575277c000, 0x000002575277d000, 0x0000025752781000,
0x000002575277b800, 0x0000025752783800, 0x0000025752782000, 0x000002575277f800,
0x000002575277e800, 0x0000025752783000, 0x000002575277e000, 0x0000025752789800,
0x0000025757690000, 0x0000025752784800, 0x0000025752785000, 0x0000025752787800,
0x0000025752787000, 0x0000025752788800, 0x0000025756bb3800, 0x0000025756bb0800,
0x0000025756bb1000, 0x0000025756bb7000, 0x0000025756bb2000, 0x0000025756bb5000,
0x0000025756bb2800, 0x0000025756bb9800, 0x0000025756bb6000, 0x0000025756bba000,
0x0000025756bb4800, 0x0000025756bbb800, 0x0000025756bbe000, 0x0000025756bbc800,
0x0000025756bbd800, 0x0000025756bbf000, 0x00000257547da000, 0x00000257547da800,
0x00000257547dd000, 0x00000257547df800, 0x00000257547e3000, 0x00000257547e2000,
0x00000257547e1000, 0x00000257547de800, 0x00000257547e5000, 0x00000257547e4800,
0x00000257547e3800, 0x00000257547e0800, 0x0000025752e06000, 0x0000025752e04800,
0x0000025752e05800, 0x0000025752e07000, 0x0000025752e07800, 0x0000025752e08800,
0x0000025752e09800, 0x0000025753d59000, 0x0000025753d53000, 0x0000025753d5a000,
0x0000025753d55000, 0x00000257523e5800
}

Java Threads: ( => current thread )
  0x000002573561d800 JavaThread "main" [_thread_blocked, id=12004, stack(0x00000086f8a00000,0x00000086f8b00000)]
  0x000002575117d800 JavaThread "Reference Handler" daemon [_thread_blocked, id=3076, stack(0x00000086f9100000,0x00000086f9200000)]
  0x0000025751181000 JavaThread "Finalizer" daemon [_thread_blocked, id=2928, stack(0x00000086f9200000,0x00000086f9300000)]
  0x0000025751a0c800 JavaThread "Signal Dispatcher" daemon [_thread_blocked, id=9888, stack(0x00000086f9300000,0x00000086f9400000)]
  0x0000025751a0e000 JavaThread "Attach Listener" daemon [_thread_blocked, id=3032, stack(0x00000086f9400000,0x00000086f9500000)]
  0x0000025751a12000 JavaThread "Service Thread" daemon [_thread_blocked, id=6424, stack(0x00000086f9500000,0x00000086f9600000)]
  0x0000025751a13000 JavaThread "C2 CompilerThread0" daemon [_thread_in_native, id=5656, stack(0x00000086f9600000,0x00000086f9700000)]
  0x0000025751a76800 JavaThread "C1 CompilerThread0" daemon [_thread_blocked, id=3196, stack(0x00000086f9700000,0x00000086f9800000)]
  0x0000025751a82000 JavaThread "Sweeper thread" daemon [_thread_blocked, id=9408, stack(0x00000086f9800000,0x00000086f9900000)]
  0x0000025751b81800 JavaThread "Common-Cleaner" daemon [_thread_blocked, id=9320, stack(0x00000086f9900000,0x00000086f9a00000)]
  0x000002575324d000 JavaThread "Daemon health stats" [_thread_blocked, id=6612, stack(0x00000086f9f00000,0x00000086fa000000)]
  0x0000025751f38800 JavaThread "Incoming local TCP Connector on port 50245" [_thread_in_native, id=3120, stack(0x00000086f9b00000,0x00000086f9c00000)]
  0x0000025753ea7000 JavaThread "Daemon periodic checks" [_thread_blocked, id=12260, stack(0x00000086fa000000,0x00000086fa100000)]
  0x0000025753d58000 JavaThread "Cache worker for journal cache (C:\Users\asmal\.gradle\caches\journal-1)" [_thread_blocked, id=10088, stack(0x00000086fa800000,0x00000086fa900000)]
  0x0000025753d55800 JavaThread "File lock request listener" [_thread_in_native, id=6896, stack(0x00000086fa900000,0x00000086faa00000)]
  0x0000025753d54000 JavaThread "Cache worker for file hash cache (C:\Users\asmal\.gradle\caches\7.2\fileHashes)" [_thread_blocked, id=6248, stack(0x00000086faa00000,0x00000086fab00000)]
  0x0000025753d56800 JavaThread "File watcher server" daemon [_thread_in_native, id=1292, stack(0x00000086fad00000,0x00000086fae00000)]
  0x0000025753d57800 JavaThread "File watcher consumer" daemon [_thread_blocked, id=1672, stack(0x00000086fae00000,0x00000086faf00000)]
  0x00000257547d7800 JavaThread "Cache worker for execution history cache (C:\Users\asmal\.gradle\caches\7.2\executionHistory)" [_thread_blocked, id=3884, stack(0x00000086fb200000,0x00000086fb300000)]
  0x00000257547dc000 JavaThread "jar transforms" [_thread_blocked, id=5252, stack(0x00000086fb300000,0x00000086fb400000)]
  0x00000257547d8000 JavaThread "Cache worker for file content cache (C:\Users\asmal\.gradle\caches\7.2\fileContent)" [_thread_blocked, id=9752, stack(0x00000086fb400000,0x00000086fb500000)]
  0x00000257547d6800 JavaThread "jar transforms Thread 2" [_thread_blocked, id=12028, stack(0x00000086fb500000,0x00000086fb600000)]
  0x00000257547de000 JavaThread "jar transforms Thread 3" [_thread_blocked, id=8368, stack(0x00000086fb700000,0x00000086fb800000)]
  0x0000025756bb7800 JavaThread "jar transforms Thread 4" [_thread_blocked, id=6032, stack(0x00000086fe100000,0x00000086fe200000)]
  0x0000025756bb8800 JavaThread "Memory manager" [_thread_blocked, id=6680, stack(0x00000086fab00000,0x00000086fac00000)]
  0x0000025752786000 JavaThread "Cache worker for Java compile cache (C:\Users\asmal\.gradle\caches\7.2\javaCompile)" [_thread_blocked, id=12248, stack(0x00000086feb00000,0x00000086fec00000)]
  0x0000025752e0a000 JavaThread "ForkJoinPool.commonPool-worker-5" daemon [_thread_blocked, id=11448, stack(0x00000086ff300000,0x00000086ff400000)]
  0x0000025752780800 JavaThread "Daemon Thread 7" [_thread_blocked, id=7804, stack(0x00000086f8700000,0x00000086f8800000)]
  0x000002575277a800 JavaThread "Handler for socket connection from /127.0.0.1:50245 to /127.0.0.1:51872" [_thread_in_native, id=5620, stack(0x00000086f8800000,0x00000086f8900000)]
  0x000002575277c000 JavaThread "Cancel handler" [_thread_blocked, id=1976, stack(0x00000086f8900000,0x00000086f8a00000)]
  0x000002575277d000 JavaThread "Daemon worker Thread 7" [_thread_blocked, id=6732, stack(0x00000086fa100000,0x00000086fa200000)]
  0x0000025752781000 JavaThread "Asynchronous log dispatcher for DefaultDaemonConnection: socket connection from /127.0.0.1:50245 to /127.0.0.1:51872" [_thread_blocked, id=9184, stack(0x00000086fa200000,0x00000086fa300000)]
  0x000002575277b800 JavaThread "Stdin handler" [_thread_blocked, id=6392, stack(0x00000086fa300000,0x00000086fa400000)]
  0x0000025752783800 JavaThread "Daemon client event forwarder" [_thread_blocked, id=272, stack(0x00000086fa400000,0x00000086fa500000)]
  0x0000025752782000 JavaThread "Cache worker for file hash cache (C:\Users\asmal\AndroidStudioProjects\CinepolisAPP\.gradle\7.2\fileHashes)" [_thread_blocked, id=5304, stack(0x00000086fa500000,0x00000086fa600000)]
  0x000002575277f800 JavaThread "Cache worker for checksums cache (C:\Users\asmal\AndroidStudioProjects\CinepolisAPP\.gradle\checksums)" [_thread_blocked, id=9212, stack(0x00000086fa600000,0x00000086fa700000)]
  0x000002575277e800 JavaThread "Cache worker for cache directory md-supplier (C:\Users\asmal\.gradle\caches\7.2\md-supplier)" [_thread_blocked, id=4060, stack(0x00000086fa700000,0x00000086fa800000)]
  0x0000025752783000 JavaThread "Cache worker for cache directory md-rule (C:\Users\asmal\.gradle\caches\7.2\md-rule)" [_thread_blocked, id=6476, stack(0x00000086fac00000,0x00000086fad00000)]
  0x000002575277e000 JavaThread "Cache worker for dependencies-accessors (C:\Users\asmal\AndroidStudioProjects\CinepolisAPP\.gradle\7.2\dependencies-accessors)" [_thread_blocked, id=1472, stack(0x00000086faf00000,0x00000086fb000000)]
  0x0000025752789800 JavaThread "Cache worker for Build Output Cleanup Cache (C:\Users\asmal\AndroidStudioProjects\CinepolisAPP\.gradle\buildOutputCleanup)" [_thread_blocked, id=7456, stack(0x00000086fb000000,0x00000086fb100000)]
=>0x0000025757690000 JavaThread "C2 CompilerThread1" daemon [_thread_in_native, id=3156, stack(0x00000086fb100000,0x00000086fb200000)]
  0x0000025752784800 JavaThread "Unconstrained build operations" [_thread_blocked, id=1844, stack(0x00000086fb600000,0x00000086fb700000)]
  0x0000025752785000 JavaThread "Unconstrained build operations Thread 2" [_thread_blocked, id=6676, stack(0x00000086fb800000,0x00000086fb900000)]
  0x0000025752787800 JavaThread "Unconstrained build operations Thread 3" [_thread_blocked, id=10780, stack(0x00000086fb900000,0x00000086fba00000)]
  0x0000025752787000 JavaThread "Unconstrained build operations Thread 4" [_thread_blocked, id=444, stack(0x00000086fba00000,0x00000086fbb00000)]
  0x0000025752788800 JavaThread "Unconstrained build operations Thread 5" [_thread_blocked, id=5980, stack(0x00000086fbb00000,0x00000086fbc00000)]
  0x0000025756bb3800 JavaThread "Unconstrained build operations Thread 6" [_thread_blocked, id=2892, stack(0x00000086fbc00000,0x00000086fbd00000)]
  0x0000025756bb0800 JavaThread "Unconstrained build operations Thread 7" [_thread_blocked, id=7008, stack(0x00000086fbd00000,0x00000086fbe00000)]
  0x0000025756bb1000 JavaThread "Unconstrained build operations Thread 8" [_thread_blocked, id=6444, stack(0x00000086fbe00000,0x00000086fbf00000)]
  0x0000025756bb7000 JavaThread "Unconstrained build operations Thread 9" [_thread_blocked, id=6628, stack(0x00000086fbf00000,0x00000086fc000000)]
  0x0000025756bb2000 JavaThread "Unconstrained build operations Thread 10" [_thread_blocked, id=5172, stack(0x00000086fc000000,0x00000086fc100000)]
  0x0000025756bb5000 JavaThread "Unconstrained build operations Thread 11" [_thread_blocked, id=940, stack(0x00000086fc100000,0x00000086fc200000)]
  0x0000025756bb2800 JavaThread "Unconstrained build operations Thread 12" [_thread_blocked, id=856, stack(0x00000086fc200000,0x00000086fc300000)]
  0x0000025756bb9800 JavaThread "Unconstrained build operations Thread 13" [_thread_blocked, id=464, stack(0x00000086fc300000,0x00000086fc400000)]
  0x0000025756bb6000 JavaThread "Unconstrained build operations Thread 14" [_thread_blocked, id=11284, stack(0x00000086fc400000,0x00000086fc500000)]
  0x0000025756bba000 JavaThread "Unconstrained build operations Thread 15" [_thread_blocked, id=9440, stack(0x00000086fc500000,0x00000086fc600000)]
  0x0000025756bb4800 JavaThread "Unconstrained build operations Thread 16" [_thread_blocked, id=2684, stack(0x00000086fc600000,0x00000086fc700000)]
  0x0000025756bbb800 JavaThread "Unconstrained build operations Thread 17" [_thread_blocked, id=4248, stack(0x00000086fc700000,0x00000086fc800000)]
  0x0000025756bbe000 JavaThread "Unconstrained build operations Thread 18" [_thread_blocked, id=7840, stack(0x00000086fc800000,0x00000086fc900000)]
  0x0000025756bbc800 JavaThread "Unconstrained build operations Thread 19" [_thread_blocked, id=5528, stack(0x00000086fc900000,0x00000086fca00000)]
  0x0000025756bbd800 JavaThread "Unconstrained build operations Thread 20" [_thread_blocked, id=12108, stack(0x00000086fca00000,0x00000086fcb00000)]
  0x0000025756bbf000 JavaThread "Unconstrained build operations Thread 21" [_thread_blocked, id=4212, stack(0x00000086fcb00000,0x00000086fcc00000)]
  0x00000257547da000 JavaThread "Unconstrained build operations Thread 22" [_thread_blocked, id=7708, stack(0x00000086fcc00000,0x00000086fcd00000)]
  0x00000257547da800 JavaThread "Unconstrained build operations Thread 23" [_thread_blocked, id=9672, stack(0x00000086fcd00000,0x00000086fce00000)]
  0x00000257547dd000 JavaThread "Unconstrained build operations Thread 24" [_thread_blocked, id=9068, stack(0x00000086fce00000,0x00000086fcf00000)]
  0x00000257547df800 JavaThread "Unconstrained build operations Thread 25" [_thread_blocked, id=2824, stack(0x00000086fcf00000,0x00000086fd000000)]
  0x00000257547e3000 JavaThread "Unconstrained build operations Thread 26" [_thread_blocked, id=11444, stack(0x00000086fd000000,0x00000086fd100000)]
  0x00000257547e2000 JavaThread "Unconstrained build operations Thread 27" [_thread_blocked, id=10556, stack(0x00000086fd100000,0x00000086fd200000)]
  0x00000257547e1000 JavaThread "Unconstrained build operations Thread 28" [_thread_blocked, id=9076, stack(0x00000086fd200000,0x00000086fd300000)]
  0x00000257547de800 JavaThread "Unconstrained build operations Thread 29" [_thread_blocked, id=4840, stack(0x00000086fd300000,0x00000086fd400000)]
  0x00000257547e5000 JavaThread "Unconstrained build operations Thread 30" [_thread_blocked, id=7724, stack(0x00000086fd400000,0x00000086fd500000)]
  0x00000257547e4800 JavaThread "Unconstrained build operations Thread 31" [_thread_blocked, id=844, stack(0x00000086fd500000,0x00000086fd600000)]
  0x00000257547e3800 JavaThread "Unconstrained build operations Thread 32" [_thread_blocked, id=11320, stack(0x00000086fd600000,0x00000086fd700000)]
  0x00000257547e0800 JavaThread "Unconstrained build operations Thread 33" [_thread_blocked, id=2468, stack(0x00000086fd700000,0x00000086fd800000)]
  0x0000025752e06000 JavaThread "Unconstrained build operations Thread 34" [_thread_blocked, id=2888, stack(0x00000086fd800000,0x00000086fd900000)]
  0x0000025752e04800 JavaThread "Unconstrained build operations Thread 35" [_thread_blocked, id=1160, stack(0x00000086fd900000,0x00000086fda00000)]
  0x0000025752e05800 JavaThread "Unconstrained build operations Thread 36" [_thread_blocked, id=8872, stack(0x00000086fda00000,0x00000086fdb00000)]
  0x0000025752e07000 JavaThread "Unconstrained build operations Thread 37" [_thread_blocked, id=3116, stack(0x00000086fdb00000,0x00000086fdc00000)]
  0x0000025752e07800 JavaThread "Unconstrained build operations Thread 38" [_thread_blocked, id=7472, stack(0x00000086fdc00000,0x00000086fdd00000)]
  0x0000025752e08800 JavaThread "Unconstrained build operations Thread 39" [_thread_blocked, id=7348, stack(0x00000086fdd00000,0x00000086fde00000)]
  0x0000025752e09800 JavaThread "Unconstrained build operations Thread 40" [_thread_blocked, id=12188, stack(0x00000086fde00000,0x00000086fdf00000)]
  0x0000025753d59000 JavaThread "build event listener" [_thread_blocked, id=8672, stack(0x00000086fdf00000,0x00000086fe000000)]
  0x0000025753d53000 JavaThread "Execution worker for ':'" [_thread_in_vm, id=864, stack(0x00000086fe000000,0x00000086fe100000)]
  0x0000025753d5a000 JavaThread "Execution worker for ':' Thread 2" [_thread_blocked, id=6708, stack(0x00000086fe200000,0x00000086fe300000)]
  0x0000025753d55000 JavaThread "Execution worker for ':' Thread 3" [_thread_blocked, id=3192, stack(0x00000086fe300000,0x00000086fe400000)]
  0x00000257523e5800 JavaThread "Cache worker for execution history cache (C:\Users\asmal\AndroidStudioProjects\CinepolisAPP\.gradle\7.2\executionHistory)" [_thread_blocked, id=11964, stack(0x00000086fe400000,0x00000086fe500000)]

Other Threads:
  0x00000257519b7000 VMThread "VM Thread" [stack: 0x00000086f9000000,0x00000086f9100000] [id=6208]
  0x0000025751b89000 WatcherThread [stack: 0x00000086f9a00000,0x00000086f9b00000] [id=2968]
  0x0000025735635800 GCTaskThread "GC Thread#0" [stack: 0x00000086f8b00000,0x00000086f8c00000] [id=11336]
  0x00000257521e3000 GCTaskThread "GC Thread#1" [stack: 0x00000086f9c00000,0x00000086f9d00000] [id=1348]
  0x0000025751fe7800 GCTaskThread "GC Thread#2" [stack: 0x00000086f9d00000,0x00000086f9e00000] [id=1828]
  0x0000025752703000 GCTaskThread "GC Thread#3" [stack: 0x00000086f9e00000,0x00000086f9f00000] [id=6848]
  0x0000025735667000 ConcurrentGCThread "G1 Main Marker" [stack: 0x00000086f8c00000,0x00000086f8d00000] [id=5696]
  0x0000025735668000 ConcurrentGCThread "G1 Conc#0" [stack: 0x00000086f8d00000,0x00000086f8e00000] [id=2744]
  0x00000257356fe800 ConcurrentGCThread "G1 Refine#0" [stack: 0x00000086f8e00000,0x00000086f8f00000] [id=3204]
  0x0000025754e7d000 ConcurrentGCThread "G1 Refine#1" [stack: 0x00000086ff200000,0x00000086ff300000] [id=228]
  0x0000025750ff2800 ConcurrentGCThread "G1 Young RemSet Sampling" [stack: 0x00000086f8f00000,0x00000086f9000000] [id=7984]

Threads with active compile tasks:
C2 CompilerThread16177823 20320       4       org.gradle.internal.graph.CachingDirectedGraphWalker::doSearch (659 bytes)

VM state:at safepoint (normal execution)

VM Mutex/Monitor currently owned by a thread:  ([mutex/lock_event])
[0x00000257355fa7a0] Threads_lock - owner thread: 0x00000257519b7000

Heap address: 0x0000000080000000, size: 2048 MB, Compressed Oops mode: 32-bit
Narrow klass base: 0x0000000000000000, Narrow klass shift: 3
Compressed class space size: 1073741824 Address: 0x0000000100000000

Heap:
 garbage-first heap   total 316416K, used 189403K [0x0000000080000000, 0x0000000100000000)
  region size 1024K, 92 young (94208K), 2 survivors (2048K)
 Metaspace       used 111684K, capacity 114845K, committed 115064K, reserved 1148928K
  class space    used 14115K, capacity 15268K, committed 15360K, reserved 1048576K
Heap Regions: E=young(eden), S=young(survivor), O=old, HS=humongous(starts), HC=humongous(continues), CS=collection set, F=free, A=archive, TAMS=top-at-mark-start (previous, next)
|   0|0x0000000080000000, 0x0000000080100000, 0x0000000080100000|100%| O|  |TAMS 0x0000000080100000, 0x0000000080000000| Untracked 
|   1|0x0000000080100000, 0x0000000080200000, 0x0000000080200000|100%| O|  |TAMS 0x0000000080200000, 0x0000000080100000| Untracked 
|   2|0x0000000080200000, 0x0000000080300000, 0x0000000080300000|100%| O|  |TAMS 0x0000000080300000, 0x0000000080200000| Untracked 
|   3|0x0000000080300000, 0x0000000080400000, 0x0000000080400000|100%|HS|  |TAMS 0x0000000080400000, 0x0000000080300000| Complete 
|   4|0x0000000080400000, 0x0000000080500000, 0x0000000080500000|100%|HC|  |TAMS 0x0000000080500000, 0x0000000080400000| Complete 
|   5|0x0000000080500000, 0x0000000080600000, 0x0000000080600000|100%|HC|  |TAMS 0x0000000080600000, 0x0000000080500000| Complete 
|   6|0x0000000080600000, 0x0000000080700000, 0x0000000080700000|100%| O|  |TAMS 0x0000000080700000, 0x0000000080600000| Untracked 
|   7|0x0000000080700000, 0x0000000080800000, 0x0000000080800000|100%| O|  |TAMS 0x0000000080800000, 0x0000000080700000| Untracked 
|   8|0x0000000080800000, 0x0000000080900000, 0x0000000080900000|100%| O|  |TAMS 0x0000000080900000, 0x0000000080800000| Untracked 
|   9|0x0000000080900000, 0x0000000080a00000, 0x0000000080a00000|100%| O|  |TAMS 0x0000000080a00000, 0x0000000080900000| Untracked 
|  10|0x0000000080a00000, 0x0000000080b00000, 0x0000000080b00000|100%| O|  |TAMS 0x0000000080b00000, 0x0000000080a00000| Untracked 
|  11|0x0000000080b00000, 0x0000000080c00000, 0x0000000080c00000|100%| O|  |TAMS 0x0000000080c00000, 0x0000000080b00000| Untracked 
|  12|0x0000000080c00000, 0x0000000080d00000, 0x0000000080d00000|100%| O|  |TAMS 0x0000000080d00000, 0x0000000080c00000| Untracked 
|  13|0x0000000080d00000, 0x0000000080e00000, 0x0000000080e00000|100%|HS|  |TAMS 0x0000000080e00000, 0x0000000080d00000| Complete 
|  14|0x0000000080e00000, 0x0000000080f00000, 0x0000000080f00000|100%|HS|  |TAMS 0x0000000080f00000, 0x0000000080e00000| Complete 
|  15|0x0000000080f00000, 0x0000000081000000, 0x0000000081000000|100%|HS|  |TAMS 0x0000000081000000, 0x0000000080f00000| Complete 
|  16|0x0000000081000000, 0x0000000081100000, 0x0000000081100000|100%|HS|  |TAMS 0x0000000081100000, 0x0000000081000000| Complete 
|  17|0x0000000081100000, 0x0000000081200000, 0x0000000081200000|100%|HC|  |TAMS 0x0000000081200000, 0x0000000081100000| Complete 
|  18|0x0000000081200000, 0x0000000081300000, 0x0000000081300000|100%| O|  |TAMS 0x0000000081300000, 0x0000000081200000| Untracked 
|  19|0x0000000081300000, 0x0000000081400000, 0x0000000081400000|100%| O|  |TAMS 0x0000000081400000, 0x0000000081300000| Untracked 
|  20|0x0000000081400000, 0x0000000081500000, 0x0000000081500000|100%| O|  |TAMS 0x0000000081500000, 0x0000000081400000| Untracked 
|  21|0x0000000081500000, 0x0000000081600000, 0x0000000081600000|100%| O|  |TAMS 0x0000000081600000, 0x0000000081500000| Untracked 
|  22|0x0000000081600000, 0x0000000081700000, 0x0000000081700000|100%| O|  |TAMS 0x0000000081700000, 0x0000000081600000| Untracked 
|  23|0x0000000081700000, 0x0000000081800000, 0x0000000081800000|100%| O|  |TAMS 0x0000000081800000, 0x0000000081700000| Untracked 
|  24|0x0000000081800000, 0x0000000081900000, 0x0000000081900000|100%| O|  |TAMS 0x0000000081900000, 0x0000000081800000| Untracked 
|  25|0x0000000081900000, 0x0000000081a00000, 0x0000000081a00000|100%| O|  |TAMS 0x0000000081a00000, 0x0000000081900000| Untracked 
|  26|0x0000000081a00000, 0x0000000081b00000, 0x0000000081b00000|100%| O|  |TAMS 0x0000000081b00000, 0x0000000081a00000| Untracked 
|  27|0x0000000081b00000, 0x0000000081c00000, 0x0000000081c00000|100%| O|  |TAMS 0x0000000081b00000, 0x0000000081b00000| Untracked 
|  28|0x0000000081c00000, 0x0000000081d00000, 0x0000000081d00000|100%| O|  |TAMS 0x0000000081d00000, 0x0000000081c00000| Untracked 
|  29|0x0000000081d00000, 0x0000000081e00000, 0x0000000081e00000|100%| O|  |TAMS 0x0000000081e00000, 0x0000000081d00000| Untracked 
|  30|0x0000000081e00000, 0x0000000081f00000, 0x0000000081f00000|100%| O|  |TAMS 0x0000000081f00000, 0x0000000081e00000| Untracked 
|  31|0x0000000081f00000, 0x0000000082000000, 0x0000000082000000|100%| O|  |TAMS 0x0000000082000000, 0x0000000081f00000| Untracked 
|  32|0x0000000082000000, 0x0000000082100000, 0x0000000082100000|100%| O|  |TAMS 0x0000000082100000, 0x0000000082000000| Untracked 
|  33|0x0000000082100000, 0x0000000082200000, 0x0000000082200000|100%| O|  |TAMS 0x0000000082200000, 0x0000000082100000| Untracked 
|  34|0x0000000082200000, 0x0000000082300000, 0x0000000082300000|100%| O|  |TAMS 0x0000000082300000, 0x0000000082200000| Untracked 
|  35|0x0000000082300000, 0x0000000082400000, 0x0000000082400000|100%| O|  |TAMS 0x0000000082400000, 0x0000000082300000| Untracked 
|  36|0x0000000082400000, 0x0000000082500000, 0x0000000082500000|100%| O|  |TAMS 0x0000000082500000, 0x0000000082400000| Untracked 
|  37|0x0000000082500000, 0x0000000082600000, 0x0000000082600000|100%| O|  |TAMS 0x0000000082600000, 0x0000000082500000| Untracked 
|  38|0x0000000082600000, 0x0000000082700000, 0x0000000082700000|100%| O|  |TAMS 0x0000000082700000, 0x0000000082600000| Untracked 
|  39|0x0000000082700000, 0x0000000082800000, 0x0000000082800000|100%| O|  |TAMS 0x0000000082800000, 0x0000000082700000| Untracked 
|  40|0x0000000082800000, 0x0000000082900000, 0x0000000082900000|100%| O|  |TAMS 0x0000000082900000, 0x0000000082800000| Untracked 
|  41|0x0000000082900000, 0x0000000082a00000, 0x0000000082a00000|100%| O|  |TAMS 0x0000000082a00000, 0x0000000082900000| Untracked 
|  42|0x0000000082a00000, 0x0000000082b00000, 0x0000000082b00000|100%| O|  |TAMS 0x0000000082b00000, 0x0000000082a00000| Untracked 
|  43|0x0000000082b00000, 0x0000000082c00000, 0x0000000082c00000|100%| O|  |TAMS 0x0000000082c00000, 0x0000000082b00000| Untracked 
|  44|0x0000000082c00000, 0x0000000082d00000, 0x0000000082d00000|100%| O|  |TAMS 0x0000000082d00000, 0x0000000082c00000| Untracked 
|  45|0x0000000082d00000, 0x0000000082e00000, 0x0000000082e00000|100%| O|  |TAMS 0x0000000082d00000, 0x0000000082d00000| Untracked 
|  46|0x0000000082e00000, 0x0000000082f00000, 0x0000000082f00000|100%| O|  |TAMS 0x0000000082f00000, 0x0000000082e00000| Untracked 
|  47|0x0000000082f00000, 0x0000000083000000, 0x0000000083000000|100%| O|  |TAMS 0x0000000083000000, 0x0000000082f00000| Untracked 
|  48|0x0000000083000000, 0x0000000083100000, 0x0000000083100000|100%| O|  |TAMS 0x0000000083000000, 0x0000000083000000| Untracked 
|  49|0x0000000083100000, 0x0000000083200000, 0x0000000083200000|100%| O|  |TAMS 0x0000000083100000, 0x0000000083100000| Untracked 
|  50|0x0000000083200000, 0x0000000083300000, 0x0000000083300000|100%| O|  |TAMS 0x0000000083300000, 0x0000000083200000| Untracked 
|  51|0x0000000083300000, 0x0000000083400000, 0x0000000083400000|100%| O|  |TAMS 0x0000000083400000, 0x0000000083300000| Untracked 
|  52|0x0000000083400000, 0x0000000083500000, 0x0000000083500000|100%|HS|  |TAMS 0x0000000083400000, 0x0000000083400000| Complete 
|  53|0x0000000083500000, 0x0000000083600000, 0x0000000083600000|100%| O|  |TAMS 0x0000000083600000, 0x0000000083500000| Untracked 
|  54|0x0000000083600000, 0x0000000083700000, 0x0000000083700000|100%| O|  |TAMS 0x0000000083700000, 0x0000000083600000| Untracked 
|  55|0x0000000083700000, 0x0000000083800000, 0x0000000083800000|100%| O|  |TAMS 0x0000000083800000, 0x0000000083700000| Untracked 
|  56|0x0000000083800000, 0x0000000083900000, 0x0000000083900000|100%| O|  |TAMS 0x0000000083900000, 0x0000000083800000| Untracked 
|  57|0x0000000083900000, 0x0000000083a00000, 0x0000000083a00000|100%| O|  |TAMS 0x0000000083a00000, 0x0000000083900000| Untracked 
|  58|0x0000000083a00000, 0x0000000083b00000, 0x0000000083b00000|100%| O|  |TAMS 0x0000000083a00000, 0x0000000083a00000| Untracked 
|  59|0x0000000083b00000, 0x0000000083c00000, 0x0000000083c00000|100%| O|  |TAMS 0x0000000083b00000, 0x0000000083b00000| Untracked 
|  60|0x0000000083c00000, 0x0000000083d00000, 0x0000000083d00000|100%| O|  |TAMS 0x0000000083d00000, 0x0000000083c00000| Untracked 
|  61|0x0000000083d00000, 0x0000000083e00000, 0x0000000083e00000|100%| O|  |TAMS 0x0000000083e00000, 0x0000000083d00000| Untracked 
|  62|0x0000000083e00000, 0x0000000083f00000, 0x0000000083f00000|100%| O|  |TAMS 0x0000000083e00000, 0x0000000083e00000| Untracked 
|  63|0x0000000083f00000, 0x0000000084000000, 0x0000000084000000|100%| O|  |TAMS 0x0000000083f00000, 0x0000000083f00000| Untracked 
|  64|0x0000000084000000, 0x0000000084100000, 0x0000000084100000|100%| O|  |TAMS 0x0000000084100000, 0x0000000084000000| Untracked 
|  65|0x0000000084100000, 0x0000000084200000, 0x0000000084200000|100%| O|  |TAMS 0x0000000084200000, 0x0000000084100000| Untracked 
|  66|0x0000000084200000, 0x0000000084300000, 0x0000000084300000|100%| O|  |TAMS 0x0000000084300000, 0x0000000084200000| Untracked 
|  67|0x0000000084300000, 0x0000000084400000, 0x0000000084400000|100%| O|  |TAMS 0x0000000084400000, 0x0000000084300000| Untracked 
|  68|0x0000000084400000, 0x0000000084500000, 0x0000000084500000|100%| O|  |TAMS 0x0000000084500000, 0x0000000084400000| Untracked 
|  69|0x0000000084500000, 0x0000000084600000, 0x0000000084600000|100%| O|  |TAMS 0x0000000084600000, 0x0000000084500000| Untracked 
|  70|0x0000000084600000, 0x0000000084700000, 0x0000000084700000|100%| O|  |TAMS 0x0000000084700000, 0x0000000084600000| Untracked 
|  71|0x0000000084700000, 0x0000000084800000, 0x0000000084800000|100%| O|  |TAMS 0x0000000084800000, 0x0000000084700000| Untracked 
|  72|0x0000000084800000, 0x0000000084900000, 0x0000000084900000|100%| O|  |TAMS 0x0000000084900000, 0x0000000084800000| Untracked 
|  73|0x0000000084900000, 0x0000000084a00000, 0x0000000084a00000|100%| O|  |TAMS 0x0000000084a00000, 0x0000000084900000| Untracked 
|  74|0x0000000084a00000, 0x0000000084b00000, 0x0000000084b00000|100%| O|  |TAMS 0x0000000084b00000, 0x0000000084a00000| Untracked 
|  75|0x0000000084b00000, 0x0000000084c00000, 0x0000000084c00000|100%| O|  |TAMS 0x0000000084c00000, 0x0000000084b00000| Untracked 
|  76|0x0000000084c00000, 0x0000000084d00000, 0x0000000084d00000|100%| O|  |TAMS 0x0000000084d00000, 0x0000000084c00000| Untracked 
|  77|0x0000000084d00000, 0x0000000084e00000, 0x0000000084e00000|100%|HS|  |TAMS 0x0000000084d00000, 0x0000000084d00000| Complete 
|  78|0x0000000084e00000, 0x0000000084f00000, 0x0000000084f00000|100%|HS|  |TAMS 0x0000000084e00000, 0x0000000084e00000| Complete 
|  79|0x0000000084f00000, 0x0000000085000000, 0x0000000085000000|100%| O|  |TAMS 0x0000000084f00000, 0x0000000084f00000| Untracked 
|  80|0x0000000085000000, 0x00000000850f6c00, 0x0000000085100000| 96%| O|  |TAMS 0x0000000085000000, 0x0000000085000000| Untracked 
|  81|0x0000000085100000, 0x0000000085200000, 0x0000000085200000|100%| O|  |TAMS 0x0000000085200000, 0x0000000085100000| Untracked 
|  82|0x0000000085200000, 0x0000000085200000, 0x0000000085300000|  0%| F|  |TAMS 0x0000000085200000, 0x0000000085200000| Untracked 
|  83|0x0000000085300000, 0x0000000085400000, 0x0000000085400000|100%| O|  |TAMS 0x0000000085400000, 0x0000000085300000| Untracked 
|  84|0x0000000085400000, 0x0000000085500000, 0x0000000085500000|100%| O|  |TAMS 0x0000000085500000, 0x0000000085400000| Untracked 
|  85|0x0000000085500000, 0x0000000085500000, 0x0000000085600000|  0%| F|  |TAMS 0x0000000085500000, 0x0000000085500000| Untracked 
|  86|0x0000000085600000, 0x0000000085600000, 0x0000000085700000|  0%| F|  |TAMS 0x0000000085600000, 0x0000000085600000| Untracked 
|  87|0x0000000085700000, 0x0000000085800000, 0x0000000085800000|100%| O|  |TAMS 0x0000000085800000, 0x0000000085700000| Untracked 
|  88|0x0000000085800000, 0x0000000085900000, 0x0000000085900000|100%| O|  |TAMS 0x0000000085900000, 0x0000000085800000| Untracked 
|  89|0x0000000085900000, 0x0000000085a00000, 0x0000000085a00000|100%| O|  |TAMS 0x0000000085a00000, 0x0000000085900000| Untracked 
|  90|0x0000000085a00000, 0x0000000085b00000, 0x0000000085b00000|100%| O|  |TAMS 0x0000000085b00000, 0x0000000085a00000| Untracked 
|  91|0x0000000085b00000, 0x0000000085c00000, 0x0000000085c00000|100%| O|  |TAMS 0x0000000085bf0800, 0x0000000085b00000| Untracked 
|  92|0x0000000085c00000, 0x0000000085c00000, 0x0000000085d00000|  0%| F|  |TAMS 0x0000000085c00000, 0x0000000085c00000| Untracked 
|  93|0x0000000085d00000, 0x0000000085d00000, 0x0000000085e00000|  0%| F|  |TAMS 0x0000000085d00000, 0x0000000085d00000| Untracked 
|  94|0x0000000085e00000, 0x0000000085e00000, 0x0000000085f00000|  0%| F|  |TAMS 0x0000000085e00000, 0x0000000085e00000| Untracked 
|  95|0x0000000085f00000, 0x0000000085f00000, 0x0000000086000000|  0%| F|  |TAMS 0x0000000085f00000, 0x0000000085f00000| Untracked 
|  96|0x0000000086000000, 0x0000000086000000, 0x0000000086100000|  0%| F|  |TAMS 0x0000000086000000, 0x0000000086000000| Untracked 
|  97|0x0000000086100000, 0x0000000086100000, 0x0000000086200000|  0%| F|  |TAMS 0x0000000086100000, 0x0000000086100000| Untracked 
|  98|0x0000000086200000, 0x0000000086200000, 0x0000000086300000|  0%| F|  |TAMS 0x0000000086200000, 0x0000000086200000| Untracked 
|  99|0x0000000086300000, 0x0000000086300000, 0x0000000086400000|  0%| F|  |TAMS 0x0000000086300000, 0x0000000086300000| Untracked 
| 100|0x0000000086400000, 0x0000000086500000, 0x0000000086500000|100%| O|  |TAMS 0x0000000086500000, 0x0000000086400000| Untracked 
| 101|0x0000000086500000, 0x0000000086500000, 0x0000000086600000|  0%| F|  |TAMS 0x0000000086500000, 0x0000000086500000| Untracked 
| 102|0x0000000086600000, 0x0000000086600000, 0x0000000086700000|  0%| F|  |TAMS 0x0000000086600000, 0x0000000086600000| Untracked 
| 103|0x0000000086700000, 0x0000000086700000, 0x0000000086800000|  0%| F|  |TAMS 0x0000000086700000, 0x0000000086700000| Untracked 
| 104|0x0000000086800000, 0x0000000086900000, 0x0000000086900000|100%| O|  |TAMS 0x0000000086900000, 0x0000000086800000| Untracked 
| 105|0x0000000086900000, 0x0000000086900000, 0x0000000086a00000|  0%| F|  |TAMS 0x0000000086900000, 0x0000000086900000| Untracked 
| 106|0x0000000086a00000, 0x0000000086a00000, 0x0000000086b00000|  0%| F|  |TAMS 0x0000000086a00000, 0x0000000086a00000| Untracked 
| 107|0x0000000086b00000, 0x0000000086b00000, 0x0000000086c00000|  0%| F|  |TAMS 0x0000000086b00000, 0x0000000086b00000| Untracked 
| 108|0x0000000086c00000, 0x0000000086c00000, 0x0000000086d00000|  0%| F|  |TAMS 0x0000000086c00000, 0x0000000086c00000| Untracked 
| 109|0x0000000086d00000, 0x0000000086d00000, 0x0000000086e00000|  0%| F|  |TAMS 0x0000000086d00000, 0x0000000086d00000| Untracked 
| 110|0x0000000086e00000, 0x0000000086e00000, 0x0000000086f00000|  0%| F|  |TAMS 0x0000000086e00000, 0x0000000086e00000| Untracked 
| 111|0x0000000086f00000, 0x0000000087000000, 0x0000000087000000|100%| O|  |TAMS 0x0000000087000000, 0x0000000086f00000| Untracked 
| 112|0x0000000087000000, 0x0000000087100000, 0x0000000087100000|100%| O|  |TAMS 0x0000000087100000, 0x0000000087000000| Untracked 
| 113|0x0000000087100000, 0x0000000087100000, 0x0000000087200000|  0%| F|  |TAMS 0x0000000087100000, 0x0000000087100000| Untracked 
| 114|0x0000000087200000, 0x0000000087200000, 0x0000000087300000|  0%| F|  |TAMS 0x0000000087200000, 0x0000000087200000| Untracked 
| 115|0x0000000087300000, 0x0000000087300000, 0x0000000087400000|  0%| F|  |TAMS 0x0000000087300000, 0x0000000087300000| Untracked 
| 116|0x0000000087400000, 0x0000000087400000, 0x0000000087500000|  0%| F|  |TAMS 0x0000000087400000, 0x0000000087400000| Untracked 
| 117|0x0000000087500000, 0x0000000087500000, 0x0000000087600000|  0%| F|  |TAMS 0x0000000087500000, 0x0000000087500000| Untracked 
| 118|0x0000000087600000, 0x0000000087600000, 0x0000000087700000|  0%| F|  |TAMS 0x0000000087600000, 0x0000000087600000| Untracked 
| 119|0x0000000087700000, 0x0000000087700000, 0x0000000087800000|  0%| F|  |TAMS 0x0000000087700000, 0x0000000087700000| Untracked 
| 120|0x0000000087800000, 0x0000000087800000, 0x0000000087900000|  0%| F|  |TAMS 0x0000000087800000, 0x0000000087800000| Untracked 
| 121|0x0000000087900000, 0x0000000087900000, 0x0000000087a00000|  0%| F|  |TAMS 0x0000000087900000, 0x0000000087900000| Untracked 
| 122|0x0000000087a00000, 0x0000000087a00000, 0x0000000087b00000|  0%| F|  |TAMS 0x0000000087a00000, 0x0000000087a00000| Untracked 
| 123|0x0000000087b00000, 0x0000000087b00000, 0x0000000087c00000|  0%| F|  |TAMS 0x0000000087b00000, 0x0000000087b00000| Untracked 
| 124|0x0000000087c00000, 0x0000000087c00000, 0x0000000087d00000|  0%| F|  |TAMS 0x0000000087c00000, 0x0000000087c00000| Untracked 
| 125|0x0000000087d00000, 0x0000000087d00000, 0x0000000087e00000|  0%| F|  |TAMS 0x0000000087d00000, 0x0000000087d00000| Untracked 
| 126|0x0000000087e00000, 0x0000000087e00000, 0x0000000087f00000|  0%| F|  |TAMS 0x0000000087e00000, 0x0000000087e00000| Untracked 
| 127|0x0000000087f00000, 0x0000000087f00000, 0x0000000088000000|  0%| F|  |TAMS 0x0000000087f00000, 0x0000000087f00000| Untracked 
| 128|0x0000000088000000, 0x0000000088000000, 0x0000000088100000|  0%| F|  |TAMS 0x0000000088000000, 0x0000000088000000| Untracked 
| 129|0x0000000088100000, 0x0000000088100000, 0x0000000088200000|  0%| F|  |TAMS 0x0000000088100000, 0x0000000088100000| Untracked 
| 130|0x0000000088200000, 0x0000000088200000, 0x0000000088300000|  0%| F|  |TAMS 0x0000000088200000, 0x0000000088200000| Untracked 
| 131|0x0000000088300000, 0x0000000088300000, 0x0000000088400000|  0%| F|  |TAMS 0x0000000088300000, 0x0000000088300000| Untracked 
| 132|0x0000000088400000, 0x0000000088500000, 0x0000000088500000|100%| O|  |TAMS 0x0000000088500000, 0x0000000088400000| Untracked 
| 133|0x0000000088500000, 0x0000000088600000, 0x0000000088600000|100%| O|  |TAMS 0x0000000088600000, 0x0000000088500000| Untracked 
| 134|0x0000000088600000, 0x0000000088600000, 0x0000000088700000|  0%| F|  |TAMS 0x0000000088600000, 0x0000000088600000| Untracked 
| 135|0x0000000088700000, 0x0000000088700000, 0x0000000088800000|  0%| F|  |TAMS 0x0000000088700000, 0x0000000088700000| Untracked 
| 136|0x0000000088800000, 0x0000000088800000, 0x0000000088900000|  0%| F|  |TAMS 0x0000000088800000, 0x0000000088800000| Untracked 
| 137|0x0000000088900000, 0x0000000088900000, 0x0000000088a00000|  0%| F|  |TAMS 0x0000000088900000, 0x0000000088900000| Untracked 
| 138|0x0000000088a00000, 0x0000000088a00000, 0x0000000088b00000|  0%| F|  |TAMS 0x0000000088a00000, 0x0000000088a00000| Untracked 
| 139|0x0000000088b00000, 0x0000000088b00000, 0x0000000088c00000|  0%| F|  |TAMS 0x0000000088b00000, 0x0000000088b00000| Untracked 
| 140|0x0000000088c00000, 0x0000000088c00000, 0x0000000088d00000|  0%| F|  |TAMS 0x0000000088c00000, 0x0000000088c00000| Untracked 
| 141|0x0000000088d00000, 0x0000000088d00000, 0x0000000088e00000|  0%| F|  |TAMS 0x0000000088d00000, 0x0000000088d00000| Untracked 
| 142|0x0000000088e00000, 0x0000000088e00000, 0x0000000088f00000|  0%| F|  |TAMS 0x0000000088e00000, 0x0000000088e00000| Untracked 
| 143|0x0000000088f00000, 0x0000000088f00000, 0x0000000089000000|  0%| F|  |TAMS 0x0000000088f00000, 0x0000000088f00000| Untracked 
| 144|0x0000000089000000, 0x0000000089000000, 0x0000000089100000|  0%| F|  |TAMS 0x0000000089000000, 0x0000000089000000| Untracked 
| 145|0x0000000089100000, 0x0000000089100000, 0x0000000089200000|  0%| F|  |TAMS 0x0000000089100000, 0x0000000089100000| Untracked 
| 146|0x0000000089200000, 0x0000000089200000, 0x0000000089300000|  0%| F|  |TAMS 0x0000000089200000, 0x0000000089200000| Untracked 
| 147|0x0000000089300000, 0x0000000089300000, 0x0000000089400000|  0%| F|  |TAMS 0x0000000089300000, 0x0000000089300000| Untracked 
| 148|0x0000000089400000, 0x0000000089400000, 0x0000000089500000|  0%| F|  |TAMS 0x0000000089400000, 0x0000000089400000| Untracked 
| 149|0x0000000089500000, 0x0000000089500000, 0x0000000089600000|  0%| F|  |TAMS 0x0000000089500000, 0x0000000089500000| Untracked 
| 150|0x0000000089600000, 0x0000000089600000, 0x0000000089700000|  0%| F|  |TAMS 0x0000000089600000, 0x0000000089600000| Untracked 
| 151|0x0000000089700000, 0x0000000089700000, 0x0000000089800000|  0%| F|  |TAMS 0x0000000089700000, 0x0000000089700000| Untracked 
| 152|0x0000000089800000, 0x0000000089800000, 0x0000000089900000|  0%| F|  |TAMS 0x0000000089800000, 0x0000000089800000| Untracked 
| 153|0x0000000089900000, 0x0000000089900000, 0x0000000089a00000|  0%| F|  |TAMS 0x0000000089900000, 0x0000000089900000| Untracked 
| 154|0x0000000089a00000, 0x0000000089a00000, 0x0000000089b00000|  0%| F|  |TAMS 0x0000000089a00000, 0x0000000089a00000| Untracked 
| 155|0x0000000089b00000, 0x0000000089b00000, 0x0000000089c00000|  0%| F|  |TAMS 0x0000000089b00000, 0x0000000089b00000| Untracked 
| 156|0x0000000089c00000, 0x0000000089c00000, 0x0000000089d00000|  0%| F|  |TAMS 0x0000000089c00000, 0x0000000089c00000| Untracked 
| 157|0x0000000089d00000, 0x0000000089d00000, 0x0000000089e00000|  0%| F|  |TAMS 0x0000000089d00000, 0x0000000089d00000| Untracked 
| 158|0x0000000089e00000, 0x0000000089e00000, 0x0000000089f00000|  0%| F|  |TAMS 0x0000000089e00000, 0x0000000089e00000| Untracked 
| 159|0x0000000089f00000, 0x0000000089f00000, 0x000000008a000000|  0%| F|  |TAMS 0x0000000089f00000, 0x0000000089f00000| Untracked 
| 160|0x000000008a000000, 0x000000008a000000, 0x000000008a100000|  0%| F|  |TAMS 0x000000008a000000, 0x000000008a000000| Untracked 
| 161|0x000000008a100000, 0x000000008a100000, 0x000000008a200000|  0%| F|  |TAMS 0x000000008a100000, 0x000000008a100000| Untracked 
| 162|0x000000008a200000, 0x000000008a200000, 0x000000008a300000|  0%| F|  |TAMS 0x000000008a200000, 0x000000008a200000| Untracked 
| 163|0x000000008a300000, 0x000000008a300000, 0x000000008a400000|  0%| F|  |TAMS 0x000000008a300000, 0x000000008a300000| Untracked 
| 164|0x000000008a400000, 0x000000008a400000, 0x000000008a500000|  0%| F|  |TAMS 0x000000008a400000, 0x000000008a400000| Untracked 
| 165|0x000000008a500000, 0x000000008a500000, 0x000000008a600000|  0%| F|  |TAMS 0x000000008a500000, 0x000000008a500000| Untracked 
| 166|0x000000008a600000, 0x000000008a600000, 0x000000008a700000|  0%| F|  |TAMS 0x000000008a600000, 0x000000008a600000| Untracked 
| 167|0x000000008a700000, 0x000000008a700000, 0x000000008a800000|  0%| F|  |TAMS 0x000000008a700000, 0x000000008a700000| Untracked 
| 168|0x000000008a800000, 0x000000008a800000, 0x000000008a900000|  0%| F|  |TAMS 0x000000008a800000, 0x000000008a800000| Untracked 
| 169|0x000000008a900000, 0x000000008a900000, 0x000000008aa00000|  0%| F|  |TAMS 0x000000008a900000, 0x000000008a900000| Untracked 
| 170|0x000000008aa00000, 0x000000008aa00000, 0x000000008ab00000|  0%| F|  |TAMS 0x000000008aa00000, 0x000000008aa00000| Untracked 
| 171|0x000000008ab00000, 0x000000008ab00000, 0x000000008ac00000|  0%| F|  |TAMS 0x000000008ab00000, 0x000000008ab00000| Untracked 
| 172|0x000000008ac00000, 0x000000008ac00000, 0x000000008ad00000|  0%| F|  |TAMS 0x000000008ac00000, 0x000000008ac00000| Untracked 
| 173|0x000000008ad00000, 0x000000008ad00000, 0x000000008ae00000|  0%| F|  |TAMS 0x000000008ad00000, 0x000000008ad00000| Untracked 
| 174|0x000000008ae00000, 0x000000008ae00000, 0x000000008af00000|  0%| F|  |TAMS 0x000000008ae00000, 0x000000008ae00000| Untracked 
| 175|0x000000008af00000, 0x000000008af00000, 0x000000008b000000|  0%| F|  |TAMS 0x000000008af00000, 0x000000008af00000| Untracked 
| 176|0x000000008b000000, 0x000000008b000000, 0x000000008b100000|  0%| F|  |TAMS 0x000000008b000000, 0x000000008b000000| Untracked 
| 177|0x000000008b100000, 0x000000008b100000, 0x000000008b200000|  0%| F|  |TAMS 0x000000008b100000, 0x000000008b100000| Untracked 
| 178|0x000000008b200000, 0x000000008b200000, 0x000000008b300000|  0%| F|  |TAMS 0x000000008b200000, 0x000000008b200000| Untracked 
| 179|0x000000008b300000, 0x000000008b300000, 0x000000008b400000|  0%| F|  |TAMS 0x000000008b300000, 0x000000008b300000| Untracked 
| 180|0x000000008b400000, 0x000000008b400000, 0x000000008b500000|  0%| F|  |TAMS 0x000000008b400000, 0x000000008b400000| Untracked 
| 181|0x000000008b500000, 0x000000008b500000, 0x000000008b600000|  0%| F|  |TAMS 0x000000008b500000, 0x000000008b500000| Untracked 
| 182|0x000000008b600000, 0x000000008b600000, 0x000000008b700000|  0%| F|  |TAMS 0x000000008b600000, 0x000000008b600000| Untracked 
| 183|0x000000008b700000, 0x000000008b700000, 0x000000008b800000|  0%| F|  |TAMS 0x000000008b700000, 0x000000008b700000| Untracked 
| 184|0x000000008b800000, 0x000000008b800000, 0x000000008b900000|  0%| F|  |TAMS 0x000000008b800000, 0x000000008b800000| Untracked 
| 185|0x000000008b900000, 0x000000008b900000, 0x000000008ba00000|  0%| F|  |TAMS 0x000000008b900000, 0x000000008b900000| Untracked 
| 186|0x000000008ba00000, 0x000000008ba00000, 0x000000008bb00000|  0%| F|  |TAMS 0x000000008ba00000, 0x000000008ba00000| Untracked 
| 187|0x000000008bb00000, 0x000000008bb00000, 0x000000008bc00000|  0%| F|  |TAMS 0x000000008bb00000, 0x000000008bb00000| Untracked 
| 188|0x000000008bc00000, 0x000000008bc00000, 0x000000008bd00000|  0%| F|  |TAMS 0x000000008bc00000, 0x000000008bc00000| Untracked 
| 189|0x000000008bd00000, 0x000000008bd00000, 0x000000008be00000|  0%| F|  |TAMS 0x000000008bd00000, 0x000000008bd00000| Untracked 
| 190|0x000000008be00000, 0x000000008be00000, 0x000000008bf00000|  0%| F|  |TAMS 0x000000008be00000, 0x000000008be00000| Untracked 
| 191|0x000000008bf00000, 0x000000008bf00000, 0x000000008c000000|  0%| F|  |TAMS 0x000000008bf00000, 0x000000008bf00000| Untracked 
| 192|0x000000008c000000, 0x000000008c000000, 0x000000008c100000|  0%| F|  |TAMS 0x000000008c000000, 0x000000008c000000| Untracked 
| 193|0x000000008c100000, 0x000000008c100000, 0x000000008c200000|  0%| F|  |TAMS 0x000000008c100000, 0x000000008c100000| Untracked 
| 194|0x000000008c200000, 0x000000008c200000, 0x000000008c300000|  0%| F|  |TAMS 0x000000008c200000, 0x000000008c200000| Untracked 
| 195|0x000000008c300000, 0x000000008c300000, 0x000000008c400000|  0%| F|  |TAMS 0x000000008c300000, 0x000000008c300000| Untracked 
| 196|0x000000008c400000, 0x000000008c400000, 0x000000008c500000|  0%| F|  |TAMS 0x000000008c400000, 0x000000008c400000| Untracked 
| 197|0x000000008c500000, 0x000000008c500000, 0x000000008c600000|  0%| F|  |TAMS 0x000000008c500000, 0x000000008c500000| Untracked 
| 198|0x000000008c600000, 0x000000008c600000, 0x000000008c700000|  0%| F|  |TAMS 0x000000008c600000, 0x000000008c600000| Untracked 
| 199|0x000000008c700000, 0x000000008c700000, 0x000000008c800000|  0%| F|  |TAMS 0x000000008c700000, 0x000000008c700000| Untracked 
| 200|0x000000008c800000, 0x000000008c800000, 0x000000008c900000|  0%| F|  |TAMS 0x000000008c800000, 0x000000008c800000| Untracked 
| 201|0x000000008c900000, 0x000000008c900000, 0x000000008ca00000|  0%| F|  |TAMS 0x000000008c900000, 0x000000008c900000| Untracked 
| 202|0x000000008ca00000, 0x000000008ca00000, 0x000000008cb00000|  0%| F|  |TAMS 0x000000008ca00000, 0x000000008ca00000| Untracked 
| 203|0x000000008cb00000, 0x000000008cb00000, 0x000000008cc00000|  0%| F|  |TAMS 0x000000008cb00000, 0x000000008cb00000| Untracked 
| 204|0x000000008cc00000, 0x000000008cc00000, 0x000000008cd00000|  0%| F|  |TAMS 0x000000008cc00000, 0x000000008cc00000| Untracked 
| 205|0x000000008cd00000, 0x000000008cd00000, 0x000000008ce00000|  0%| F|  |TAMS 0x000000008cd00000, 0x000000008cd00000| Untracked 
| 206|0x000000008ce00000, 0x000000008ce00000, 0x000000008cf00000|  0%| F|  |TAMS 0x000000008ce00000, 0x000000008ce00000| Untracked 
| 207|0x000000008cf00000, 0x000000008cf00000, 0x000000008d000000|  0%| F|  |TAMS 0x000000008cf00000, 0x000000008cf00000| Untracked 
| 208|0x000000008d000000, 0x000000008d000000, 0x000000008d100000|  0%| F|  |TAMS 0x000000008d000000, 0x000000008d000000| Untracked 
| 209|0x000000008d100000, 0x000000008d100000, 0x000000008d200000|  0%| F|  |TAMS 0x000000008d100000, 0x000000008d100000| Untracked 
| 210|0x000000008d200000, 0x000000008d200000, 0x000000008d300000|  0%| F|  |TAMS 0x000000008d200000, 0x000000008d200000| Untracked 
| 211|0x000000008d300000, 0x000000008d300000, 0x000000008d400000|  0%| F|  |TAMS 0x000000008d300000, 0x000000008d300000| Untracked 
| 212|0x000000008d400000, 0x000000008d400000, 0x000000008d500000|  0%| F|  |TAMS 0x000000008d400000, 0x000000008d400000| Untracked 
| 213|0x000000008d500000, 0x000000008d500000, 0x000000008d600000|  0%| F|  |TAMS 0x000000008d500000, 0x000000008d500000| Untracked 
| 214|0x000000008d600000, 0x000000008d600000, 0x000000008d700000|  0%| F|  |TAMS 0x000000008d600000, 0x000000008d600000| Untracked 
| 215|0x000000008d700000, 0x000000008d700000, 0x000000008d800000|  0%| F|  |TAMS 0x000000008d700000, 0x000000008d700000| Untracked 
| 216|0x000000008d800000, 0x000000008d800000, 0x000000008d900000|  0%| F|  |TAMS 0x000000008d800000, 0x000000008d800000| Untracked 
| 217|0x000000008d900000, 0x000000008d9e7300, 0x000000008da00000| 90%| E|  |TAMS 0x000000008d900000, 0x000000008d900000| Complete 
| 218|0x000000008da00000, 0x000000008db00000, 0x000000008db00000|100%| E|CS|TAMS 0x000000008da00000, 0x000000008da00000| Complete 
| 219|0x000000008db00000, 0x000000008dc00000, 0x000000008dc00000|100%| E|CS|TAMS 0x000000008db00000, 0x000000008db00000| Complete 
| 220|0x000000008dc00000, 0x000000008dd00000, 0x000000008dd00000|100%| E|CS|TAMS 0x000000008dc00000, 0x000000008dc00000| Complete 
| 221|0x000000008dd00000, 0x000000008de00000, 0x000000008de00000|100%| E|CS|TAMS 0x000000008dd00000, 0x000000008dd00000| Complete 
| 222|0x000000008de00000, 0x000000008df00000, 0x000000008df00000|100%| E|CS|TAMS 0x000000008de00000, 0x000000008de00000| Complete 
| 223|0x000000008df00000, 0x000000008e000000, 0x000000008e000000|100%| E|CS|TAMS 0x000000008df00000, 0x000000008df00000| Complete 
| 224|0x000000008e000000, 0x000000008e100000, 0x000000008e100000|100%| E|CS|TAMS 0x000000008e000000, 0x000000008e000000| Complete 
| 225|0x000000008e100000, 0x000000008e200000, 0x000000008e200000|100%| E|CS|TAMS 0x000000008e100000, 0x000000008e100000| Complete 
| 226|0x000000008e200000, 0x000000008e300000, 0x000000008e300000|100%| E|CS|TAMS 0x000000008e200000, 0x000000008e200000| Complete 
| 227|0x000000008e300000, 0x000000008e400000, 0x000000008e400000|100%| E|CS|TAMS 0x000000008e300000, 0x000000008e300000| Complete 
| 228|0x000000008e400000, 0x000000008e500000, 0x000000008e500000|100%| E|CS|TAMS 0x000000008e400000, 0x000000008e400000| Complete 
| 229|0x000000008e500000, 0x000000008e600000, 0x000000008e600000|100%| E|CS|TAMS 0x000000008e500000, 0x000000008e500000| Complete 
| 230|0x000000008e600000, 0x000000008e700000, 0x000000008e700000|100%| E|  |TAMS 0x000000008e600000, 0x000000008e600000| Complete 
| 231|0x000000008e700000, 0x000000008e800000, 0x000000008e800000|100%| E|CS|TAMS 0x000000008e700000, 0x000000008e700000| Complete 
| 232|0x000000008e800000, 0x000000008e900000, 0x000000008e900000|100%| E|CS|TAMS 0x000000008e800000, 0x000000008e800000| Complete 
| 233|0x000000008e900000, 0x000000008ea00000, 0x000000008ea00000|100%| E|CS|TAMS 0x000000008e900000, 0x000000008e900000| Complete 
| 234|0x000000008ea00000, 0x000000008eb00000, 0x000000008eb00000|100%| E|CS|TAMS 0x000000008ea00000, 0x000000008ea00000| Complete 
| 235|0x000000008eb00000, 0x000000008ec00000, 0x000000008ec00000|100%| E|CS|TAMS 0x000000008eb00000, 0x000000008eb00000| Complete 
| 236|0x000000008ec00000, 0x000000008ed00000, 0x000000008ed00000|100%| E|CS|TAMS 0x000000008ec00000, 0x000000008ec00000| Complete 
| 237|0x000000008ed00000, 0x000000008ee00000, 0x000000008ee00000|100%| E|CS|TAMS 0x000000008ed00000, 0x000000008ed00000| Complete 
| 238|0x000000008ee00000, 0x000000008ef00000, 0x000000008ef00000|100%| E|CS|TAMS 0x000000008ee00000, 0x000000008ee00000| Complete 
| 239|0x000000008ef00000, 0x000000008f000000, 0x000000008f000000|100%| E|CS|TAMS 0x000000008ef00000, 0x000000008ef00000| Complete 
| 240|0x000000008f000000, 0x000000008f100000, 0x000000008f100000|100%| E|CS|TAMS 0x000000008f000000, 0x000000008f000000| Complete 
| 241|0x000000008f100000, 0x000000008f200000, 0x000000008f200000|100%| E|CS|TAMS 0x000000008f100000, 0x000000008f100000| Complete 
| 242|0x000000008f200000, 0x000000008f300000, 0x000000008f300000|100%| E|CS|TAMS 0x000000008f200000, 0x000000008f200000| Complete 
| 243|0x000000008f300000, 0x000000008f400000, 0x000000008f400000|100%| E|CS|TAMS 0x000000008f300000, 0x000000008f300000| Complete 
| 244|0x000000008f400000, 0x000000008f500000, 0x000000008f500000|100%| E|CS|TAMS 0x000000008f400000, 0x000000008f400000| Complete 
| 245|0x000000008f500000, 0x000000008f600000, 0x000000008f600000|100%| E|CS|TAMS 0x000000008f500000, 0x000000008f500000| Complete 
| 246|0x000000008f600000, 0x000000008f700000, 0x000000008f700000|100%| E|CS|TAMS 0x000000008f600000, 0x000000008f600000| Complete 
| 247|0x000000008f700000, 0x000000008f800000, 0x000000008f800000|100%| E|CS|TAMS 0x000000008f700000, 0x000000008f700000| Complete 
| 248|0x000000008f800000, 0x000000008f900000, 0x000000008f900000|100%| E|CS|TAMS 0x000000008f800000, 0x000000008f800000| Complete 
| 249|0x000000008f900000, 0x000000008fa00000, 0x000000008fa00000|100%| E|CS|TAMS 0x000000008f900000, 0x000000008f900000| Complete 
| 250|0x000000008fa00000, 0x000000008fb00000, 0x000000008fb00000|100%| E|CS|TAMS 0x000000008fa00000, 0x000000008fa00000| Complete 
| 251|0x000000008fb00000, 0x000000008fc00000, 0x000000008fc00000|100%| E|CS|TAMS 0x000000008fb00000, 0x000000008fb00000| Complete 
| 252|0x000000008fc00000, 0x000000008fd00000, 0x000000008fd00000|100%| E|CS|TAMS 0x000000008fc00000, 0x000000008fc00000| Complete 
| 253|0x000000008fd00000, 0x000000008fe00000, 0x000000008fe00000|100%| E|CS|TAMS 0x000000008fd00000, 0x000000008fd00000| Complete 
| 254|0x000000008fe00000, 0x000000008ff00000, 0x000000008ff00000|100%| E|CS|TAMS 0x000000008fe00000, 0x000000008fe00000| Complete 
| 255|0x000000008ff00000, 0x0000000090000000, 0x0000000090000000|100%| E|CS|TAMS 0x000000008ff00000, 0x000000008ff00000| Complete 
| 256|0x0000000090000000, 0x0000000090100000, 0x0000000090100000|100%| E|CS|TAMS 0x0000000090000000, 0x0000000090000000| Complete 
| 257|0x0000000090100000, 0x0000000090200000, 0x0000000090200000|100%| E|CS|TAMS 0x0000000090100000, 0x0000000090100000| Complete 
| 258|0x0000000090200000, 0x0000000090300000, 0x0000000090300000|100%| E|CS|TAMS 0x0000000090200000, 0x0000000090200000| Complete 
| 259|0x0000000090300000, 0x0000000090400000, 0x0000000090400000|100%| E|CS|TAMS 0x0000000090300000, 0x0000000090300000| Complete 
| 260|0x0000000090400000, 0x0000000090500000, 0x0000000090500000|100%| E|CS|TAMS 0x0000000090400000, 0x0000000090400000| Complete 
| 261|0x0000000090500000, 0x0000000090600000, 0x0000000090600000|100%| E|CS|TAMS 0x0000000090500000, 0x0000000090500000| Complete 
| 262|0x0000000090600000, 0x0000000090700000, 0x0000000090700000|100%| E|CS|TAMS 0x0000000090600000, 0x0000000090600000| Complete 
| 263|0x0000000090700000, 0x0000000090800000, 0x0000000090800000|100%| E|CS|TAMS 0x0000000090700000, 0x0000000090700000| Complete 
| 264|0x0000000090800000, 0x0000000090900000, 0x0000000090900000|100%| E|CS|TAMS 0x0000000090800000, 0x0000000090800000| Complete 
| 265|0x0000000090900000, 0x0000000090a00000, 0x0000000090a00000|100%| E|CS|TAMS 0x0000000090900000, 0x0000000090900000| Complete 
| 266|0x0000000090a00000, 0x0000000090b00000, 0x0000000090b00000|100%| E|CS|TAMS 0x0000000090a00000, 0x0000000090a00000| Complete 
| 267|0x0000000090b00000, 0x0000000090c00000, 0x0000000090c00000|100%| E|CS|TAMS 0x0000000090b00000, 0x0000000090b00000| Complete 
| 268|0x0000000090c00000, 0x0000000090d00000, 0x0000000090d00000|100%| E|CS|TAMS 0x0000000090c00000, 0x0000000090c00000| Complete 
| 269|0x0000000090d00000, 0x0000000090e00000, 0x0000000090e00000|100%| E|CS|TAMS 0x0000000090d00000, 0x0000000090d00000| Complete 
| 270|0x0000000090e00000, 0x0000000090f00000, 0x0000000090f00000|100%| E|CS|TAMS 0x0000000090e00000, 0x0000000090e00000| Complete 
| 271|0x0000000090f00000, 0x0000000091000000, 0x0000000091000000|100%| E|CS|TAMS 0x0000000090f00000, 0x0000000090f00000| Complete 
| 272|0x0000000091000000, 0x0000000091100000, 0x0000000091100000|100%| E|CS|TAMS 0x0000000091000000, 0x0000000091000000| Complete 
| 273|0x0000000091100000, 0x0000000091200000, 0x0000000091200000|100%| E|CS|TAMS 0x0000000091100000, 0x0000000091100000| Complete 
| 274|0x0000000091200000, 0x0000000091300000, 0x0000000091300000|100%| E|CS|TAMS 0x0000000091200000, 0x0000000091200000| Complete 
| 275|0x0000000091300000, 0x0000000091400000, 0x0000000091400000|100%| E|CS|TAMS 0x0000000091300000, 0x0000000091300000| Complete 
| 276|0x0000000091400000, 0x0000000091500000, 0x0000000091500000|100%| E|CS|TAMS 0x0000000091400000, 0x0000000091400000| Complete 
| 277|0x0000000091500000, 0x0000000091600000, 0x0000000091600000|100%| E|CS|TAMS 0x0000000091500000, 0x0000000091500000| Complete 
| 278|0x0000000091600000, 0x0000000091700000, 0x0000000091700000|100%| E|CS|TAMS 0x0000000091600000, 0x0000000091600000| Complete 
| 279|0x0000000091700000, 0x0000000091800000, 0x0000000091800000|100%| E|CS|TAMS 0x0000000091700000, 0x0000000091700000| Complete 
| 280|0x0000000091800000, 0x0000000091900000, 0x0000000091900000|100%| E|CS|TAMS 0x0000000091800000, 0x0000000091800000| Complete 
| 281|0x0000000091900000, 0x0000000091a00000, 0x0000000091a00000|100%| E|CS|TAMS 0x0000000091900000, 0x0000000091900000| Complete 
| 282|0x0000000091a00000, 0x0000000091b00000, 0x0000000091b00000|100%| E|CS|TAMS 0x0000000091a00000, 0x0000000091a00000| Complete 
| 283|0x0000000091b00000, 0x0000000091c00000, 0x0000000091c00000|100%| E|CS|TAMS 0x0000000091b00000, 0x0000000091b00000| Complete 
| 284|0x0000000091c00000, 0x0000000091d00000, 0x0000000091d00000|100%| E|CS|TAMS 0x0000000091c00000, 0x0000000091c00000| Complete 
| 285|0x0000000091d00000, 0x0000000091e00000, 0x0000000091e00000|100%| E|CS|TAMS 0x0000000091d00000, 0x0000000091d00000| Complete 
| 286|0x0000000091e00000, 0x0000000091f00000, 0x0000000091f00000|100%| E|CS|TAMS 0x0000000091e00000, 0x0000000091e00000| Complete 
| 287|0x0000000091f00000, 0x0000000092000000, 0x0000000092000000|100%| E|CS|TAMS 0x0000000091f00000, 0x0000000091f00000| Complete 
| 288|0x0000000092000000, 0x0000000092100000, 0x0000000092100000|100%| E|CS|TAMS 0x0000000092000000, 0x0000000092000000| Complete 
| 289|0x0000000092100000, 0x0000000092200000, 0x0000000092200000|100%| E|CS|TAMS 0x0000000092100000, 0x0000000092100000| Complete 
| 290|0x0000000092200000, 0x0000000092300000, 0x0000000092300000|100%| E|CS|TAMS 0x0000000092200000, 0x0000000092200000| Complete 
| 291|0x0000000092300000, 0x0000000092400000, 0x0000000092400000|100%| E|CS|TAMS 0x0000000092300000, 0x0000000092300000| Complete 
| 292|0x0000000092400000, 0x0000000092500000, 0x0000000092500000|100%| E|CS|TAMS 0x0000000092400000, 0x0000000092400000| Complete 
| 293|0x0000000092500000, 0x0000000092600000, 0x0000000092600000|100%| E|CS|TAMS 0x0000000092500000, 0x0000000092500000| Complete 
| 294|0x0000000092600000, 0x0000000092700000, 0x0000000092700000|100%| E|CS|TAMS 0x0000000092600000, 0x0000000092600000| Complete 
| 295|0x0000000092700000, 0x0000000092800000, 0x0000000092800000|100%| E|CS|TAMS 0x0000000092700000, 0x0000000092700000| Complete 
| 296|0x0000000092800000, 0x0000000092900000, 0x0000000092900000|100%| E|CS|TAMS 0x0000000092800000, 0x0000000092800000| Complete 
| 297|0x0000000092900000, 0x0000000092a00000, 0x0000000092a00000|100%| E|CS|TAMS 0x0000000092900000, 0x0000000092900000| Complete 
| 298|0x0000000092a00000, 0x0000000092b00000, 0x0000000092b00000|100%| E|CS|TAMS 0x0000000092a00000, 0x0000000092a00000| Complete 
| 299|0x0000000092b00000, 0x0000000092c00000, 0x0000000092c00000|100%| E|CS|TAMS 0x0000000092b00000, 0x0000000092b00000| Complete 
| 300|0x0000000092c00000, 0x0000000092d00000, 0x0000000092d00000|100%| E|CS|TAMS 0x0000000092c00000, 0x0000000092c00000| Complete 
| 301|0x0000000092d00000, 0x0000000092e00000, 0x0000000092e00000|100%| S|CS|TAMS 0x0000000092d00000, 0x0000000092d00000| Complete 
| 302|0x0000000092e00000, 0x0000000092f00000, 0x0000000092f00000|100%| S|CS|TAMS 0x0000000092e00000, 0x0000000092e00000| Complete 
| 303|0x0000000092f00000, 0x0000000093000000, 0x0000000093000000|100%| E|CS|TAMS 0x0000000092f00000, 0x0000000092f00000| Complete 
| 304|0x0000000093000000, 0x0000000093100000, 0x0000000093100000|100%| E|CS|TAMS 0x0000000093000000, 0x0000000093000000| Complete 
| 305|0x0000000093100000, 0x0000000093200000, 0x0000000093200000|100%| E|CS|TAMS 0x0000000093100000, 0x0000000093100000| Complete 
| 306|0x0000000093200000, 0x0000000093300000, 0x0000000093300000|100%| E|CS|TAMS 0x0000000093200000, 0x0000000093200000| Complete 
| 307|0x0000000093300000, 0x0000000093400000, 0x0000000093400000|100%| E|CS|TAMS 0x0000000093300000, 0x0000000093300000| Complete 
| 308|0x0000000093400000, 0x0000000093500000, 0x0000000093500000|100%| E|CS|TAMS 0x0000000093400000, 0x0000000093400000| Complete 

Card table byte_map: [0x000002574a350000,0x000002574a750000] _byte_map_base: 0x0000025749f50000

Marking Bits (Prev, Next): (CMBitMap*) 0x000002573565e040, (CMBitMap*) 0x000002573565e008
 Prev Bits: [0x000002574cb50000, 0x000002574eb50000)
 Next Bits: [0x000002574ab50000, 0x000002574cb50000)

Polling page: 0x00000257354a0000

Metaspace:

Usage:
  Non-class:     97.25 MB capacity,    95.29 MB ( 98%) used,     1.59 MB (  2%) free+waste,   382.44 KB ( <1%) overhead. 
      Class:     14.91 MB capacity,    13.79 MB ( 92%) used,   985.85 KB (  6%) free+waste,   167.88 KB (  1%) overhead. 
       Both:    112.17 MB capacity,   109.07 MB ( 97%) used,     2.55 MB (  2%) free+waste,   550.31 KB ( <1%) overhead. 

Virtual space:
  Non-class space:       98.00 MB reserved,      97.37 MB (>99%) committed 
      Class space:        1.00 GB reserved,      15.00 MB (  1%) committed 
             Both:        1.10 GB reserved,     112.37 MB ( 10%) committed 

Chunk freelists:
   Non-Class:  117.00 KB
       Class:  58.00 KB
        Both:  175.00 KB

MaxMetaspaceSize: 17179869184.00 GB
CompressedClassSpaceSize: 1.00 GB

CodeHeap 'non-profiled nmethods': size=120064Kb used=13679Kb max_used=14160Kb free=106384Kb
 bounds [0x00000257423f0000, 0x00000257431d0000, 0x0000025749930000]
CodeHeap 'profiled nmethods': size=120000Kb used=40388Kb max_used=42676Kb free=79611Kb
 bounds [0x000002573aec0000, 0x000002573d880000, 0x00000257423f0000]
CodeHeap 'non-nmethods': size=5696Kb used=2351Kb max_used=2451Kb free=3345Kb
 bounds [0x000002573a930000, 0x000002573aba0000, 0x000002573aec0000]
 total_blobs=19497 nmethods=18532 adapters=875
 compilation: enabled
              stopped_count=0, restarted_count=0
 full_count=0

Compilation events (20 events):
Event: 6177.735 Thread 0x0000025751a76800 20318       3       org.gradle.vcs.internal.DefaultVcsMappingsStore::hasRules (30 bytes)
Event: 6177.736 Thread 0x0000025751a76800 nmethod 20318 0x000002573af96590 code [0x000002573af96760, 0x000002573af96a78]
Event: 6177.737 Thread 0x0000025751a76800 20319       1       com.android.build.gradle.internal.tasks.DexArchiveBuilderTask_Decorated::getModelIdentityDisplayName (5 bytes)
Event: 6177.737 Thread 0x0000025751a76800 nmethod 20319 0x00000257424b1b90 code [0x00000257424b1d40, 0x00000257424b1df8]
Event: 6177.737 Thread 0x0000025757690000 20320       4       org.gradle.internal.graph.CachingDirectedGraphWalker::doSearch (659 bytes)
Event: 6177.738 Thread 0x0000025751a76800 20321       3       com.android.build.gradle.internal.dependency.VariantDependencies::getArtifactFileCollection$default (21 bytes)
Event: 6177.738 Thread 0x0000025751a76800 nmethod 20321 0x000002573af16c10 code [0x000002573af16dc0, 0x000002573af16f28]
Event: 6177.741 Thread 0x0000025751a76800 20323       3       com.android.build.gradle.internal.tasks.DexArchiveBuilderTask_Decorated::$gradleFactory (13 bytes)
Event: 6177.741 Thread 0x0000025751a76800 nmethod 20323 0x000002573aff3490 code [0x000002573aff3680, 0x000002573aff3c08]
Event: 6177.742 Thread 0x0000025751a76800 20324       3       com.android.build.gradle.internal.utils.ResolutionResultUtils::getModuleComponents (150 bytes)
Event: 6177.743 Thread 0x0000025751a76800 nmethod 20324 0x000002573b073090 code [0x000002573b073480, 0x000002573b0750d8]
Event: 6177.749 Thread 0x0000025751a76800 20325       3       com.google.common.collect.Iterators$6::transform (11 bytes)
Event: 6177.749 Thread 0x0000025751a76800 nmethod 20325 0x000002573af88f90 code [0x000002573af89140, 0x000002573af89308]
Event: 6177.750 Thread 0x0000025751a76800 20326       3       com.google.common.collect.CollectCollectors$$Lambda$209/0x00000001003cb840::accept (9 bytes)
Event: 6177.750 Thread 0x0000025751a76800 nmethod 20326 0x000002573afa1410 code [0x000002573afa15e0, 0x000002573afa1888]
Event: 6177.764 Thread 0x0000025751a13000 nmethod 20211 0x00000257425fc910 code [0x00000257425fcce0, 0x00000257425ffd60]
Event: 6177.764 Thread 0x0000025751a13000 20322       4       org.gradle.api.DefaultTask::getProject (5 bytes)
Event: 6177.765 Thread 0x0000025751a13000 nmethod 20322 0x00000257424b1890 code [0x00000257424b1a20, 0x00000257424b1ab8]
Event: 6177.769 Thread 0x0000025751a13000 20327       4       org.gradle.internal.work.DefaultWorkerLeaseService$DefaultWorkerLease::acquireLock (101 bytes)
Event: 6177.771 Thread 0x0000025751a13000 nmethod 20327 0x00000257424b1110 code [0x00000257424b12e0, 0x00000257424b1518]

GC Heap History (20 events):
Event: 2414.323 GC heap before
{Heap before GC invocations=16 (full 0):
 garbage-first heap   total 316416K, used 263168K [0x0000000080000000, 0x0000000100000000)
  region size 1024K, 146 young (149504K), 21 survivors (21504K)
 Metaspace       used 95138K, capacity 97530K, committed 97740K, reserved 1134592K
  class space    used 12071K, capacity 12984K, committed 13056K, reserved 1048576K
}
Event: 2414.343 GC heap after
{Heap after GC invocations=17 (full 0):
 garbage-first heap   total 316416K, used 118272K [0x0000000080000000, 0x0000000100000000)
  region size 1024K, 5 young (5120K), 5 survivors (5120K)
 Metaspace       used 95138K, capacity 97530K, committed 97740K, reserved 1134592K
  class space    used 12071K, capacity 12984K, committed 13056K, reserved 1048576K
}
Event: 4948.195 GC heap before
{Heap before GC invocations=17 (full 0):
 garbage-first heap   total 316416K, used 261632K [0x0000000080000000, 0x0000000100000000)
  region size 1024K, 129 young (132096K), 5 survivors (5120K)
 Metaspace       used 95595K, capacity 98097K, committed 98252K, reserved 1134592K
  class space    used 12091K, capacity 13019K, committed 13056K, reserved 1048576K
}
Event: 4948.208 GC heap after
{Heap after GC invocations=18 (full 0):
 garbage-first heap   total 316416K, used 122780K [0x0000000080000000, 0x0000000100000000)
  region size 1024K, 10 young (10240K), 10 survivors (10240K)
 Metaspace       used 95595K, capacity 98097K, committed 98252K, reserved 1134592K
  class space    used 12091K, capacity 13019K, committed 13056K, reserved 1048576K
}
Event: 5667.880 GC heap before
{Heap before GC invocations=18 (full 0):
 garbage-first heap   total 316416K, used 258972K [0x0000000080000000, 0x0000000100000000)
  region size 1024K, 134 young (137216K), 10 survivors (10240K)
 Metaspace       used 96206K, capacity 98705K, committed 98892K, reserved 1134592K
  class space    used 12118K, capacity 13068K, committed 13184K, reserved 1048576K
}
Event: 5667.893 GC heap after
{Heap after GC invocations=19 (full 0):
 garbage-first heap   total 316416K, used 130180K [0x0000000080000000, 0x0000000100000000)
  region size 1024K, 12 young (12288K), 12 survivors (12288K)
 Metaspace       used 96206K, capacity 98705K, committed 98892K, reserved 1134592K
  class space    used 12118K, capacity 13068K, committed 13184K, reserved 1048576K
}
Event: 5670.575 GC heap before
{Heap before GC invocations=19 (full 0):
 garbage-first heap   total 316416K, used 266372K [0x0000000080000000, 0x0000000100000000)
  region size 1024K, 131 young (134144K), 12 survivors (12288K)
 Metaspace       used 97597K, capacity 100208K, committed 100300K, reserved 1136640K
  class space    used 12275K, capacity 13224K, committed 13312K, reserved 1048576K
}
Event: 5670.586 GC heap after
{Heap after GC invocations=20 (full 0):
 garbage-first heap   total 316416K, used 129751K [0x0000000080000000, 0x0000000100000000)
  region size 1024K, 7 young (7168K), 7 survivors (7168K)
 Metaspace       used 97597K, capacity 100208K, committed 100300K, reserved 1136640K
  class space    used 12275K, capacity 13224K, committed 13312K, reserved 1048576K
}
Event: 5670.739 GC heap before
{Heap before GC invocations=20 (full 0):
 garbage-first heap   total 316416K, used 138967K [0x0000000080000000, 0x0000000100000000)
  region size 1024K, 15 young (15360K), 7 survivors (7168K)
 Metaspace       used 98288K, capacity 100875K, committed 101036K, reserved 1136640K
  class space    used 12372K, capacity 13308K, committed 13312K, reserved 1048576K
}
Event: 5670.749 GC heap after
{Heap after GC invocations=21 (full 0):
 garbage-first heap   total 316416K, used 129936K [0x0000000080000000, 0x0000000100000000)
  region size 1024K, 7 young (7168K), 7 survivors (7168K)
 Metaspace       used 98288K, capacity 100875K, committed 101036K, reserved 1136640K
  class space    used 12372K, capacity 13308K, committed 13312K, reserved 1048576K
}
Event: 5673.003 GC heap before
{Heap before GC invocations=22 (full 0):
 garbage-first heap   total 316416K, used 229264K [0x0000000080000000, 0x0000000100000000)
  region size 1024K, 123 young (125952K), 7 survivors (7168K)
 Metaspace       used 110037K, capacity 113068K, committed 113272K, reserved 1146880K
  class space    used 14085K, capacity 15273K, committed 15360K, reserved 1048576K
}
Event: 5673.013 GC heap after
{Heap after GC invocations=23 (full 0):
 garbage-first heap   total 316416K, used 111112K [0x0000000080000000, 0x0000000100000000)
  region size 1024K, 9 young (9216K), 9 survivors (9216K)
 Metaspace       used 110037K, capacity 113068K, committed 113272K, reserved 1146880K
  class space    used 14085K, capacity 15273K, committed 15360K, reserved 1048576K
}
Event: 5673.065 GC heap before
{Heap before GC invocations=23 (full 0):
 garbage-first heap   total 316416K, used 117256K [0x0000000080000000, 0x0000000100000000)
  region size 1024K, 15 young (15360K), 9 survivors (9216K)
 Metaspace       used 110037K, capacity 113068K, committed 113272K, reserved 1146880K
  class space    used 14085K, capacity 15273K, committed 15360K, reserved 1048576K
}
Event: 5673.076 GC heap after
{Heap after GC invocations=24 (full 0):
 garbage-first heap   total 316416K, used 88741K [0x0000000080000000, 0x0000000100000000)
  region size 1024K, 1 young (1024K), 1 survivors (1024K)
 Metaspace       used 110037K, capacity 113068K, committed 113272K, reserved 1146880K
  class space    used 14085K, capacity 15273K, committed 15360K, reserved 1048576K
}
Event: 5716.075 GC heap before
{Heap before GC invocations=24 (full 0):
 garbage-first heap   total 316416K, used 263845K [0x0000000080000000, 0x0000000100000000)
  region size 1024K, 148 young (151552K), 1 survivors (1024K)
 Metaspace       used 110346K, capacity 113483K, committed 113784K, reserved 1148928K
  class space    used 14090K, capacity 15277K, committed 15360K, reserved 1048576K
}
Event: 5716.087 GC heap after
{Heap after GC invocations=25 (full 0):
 garbage-first heap   total 316416K, used 96551K [0x0000000080000000, 0x0000000100000000)
  region size 1024K, 9 young (9216K), 9 survivors (9216K)
 Metaspace       used 110346K, capacity 113483K, committed 113784K, reserved 1148928K
  class space    used 14090K, capacity 15277K, committed 15360K, reserved 1048576K
}
Event: 6087.290 GC heap before
{Heap before GC invocations=26 (full 0):
 garbage-first heap   total 316416K, used 254247K [0x0000000080000000, 0x0000000100000000)
  region size 1024K, 154 young (157696K), 9 survivors (9216K)
 Metaspace       used 111011K, capacity 113943K, committed 114552K, reserved 1148928K
  class space    used 14045K, capacity 15140K, committed 15360K, reserved 1048576K
}
Event: 6087.298 GC heap after
{Heap after GC invocations=27 (full 0):
 garbage-first heap   total 316416K, used 97188K [0x0000000080000000, 0x0000000100000000)
  region size 1024K, 9 young (9216K), 9 survivors (9216K)
 Metaspace       used 111011K, capacity 113943K, committed 114552K, reserved 1148928K
  class space    used 14045K, capacity 15140K, committed 15360K, reserved 1048576K
}
Event: 6087.381 GC heap before
{Heap before GC invocations=27 (full 0):
 garbage-first heap   total 316416K, used 103332K [0x0000000080000000, 0x0000000100000000)
  region size 1024K, 15 young (15360K), 9 survivors (9216K)
 Metaspace       used 111021K, capacity 113943K, committed 114552K, reserved 1148928K
  class space    used 14045K, capacity 15140K, committed 15360K, reserved 1048576K
}
Event: 6087.390 GC heap after
{Heap after GC invocations=28 (full 0):
 garbage-first heap   total 316416K, used 96219K [0x0000000080000000, 0x0000000100000000)
  region size 1024K, 2 young (2048K), 2 survivors (2048K)
 Metaspace       used 111021K, capacity 113943K, committed 114552K, reserved 1148928K
  class space    used 14045K, capacity 15140K, committed 15360K, reserved 1048576K
}

Deoptimization events (20 events):
Event: 6177.200 Thread 0x000002575277b800 DEOPT PACKING pc=0x0000025742d89ba4 sp=0x00000086fa3fea00
Event: 6177.200 Thread 0x000002575277b800 DEOPT UNPACKING pc=0x000002573a95662f sp=0x00000086fa3fe8f0 mode 2
Event: 6177.211 Thread 0x000002575277d000 DEOPT PACKING pc=0x000002573b369cf9 sp=0x00000086fa1fb7c0
Event: 6177.211 Thread 0x000002575277d000 DEOPT UNPACKING pc=0x000002573a956dde sp=0x00000086fa1fac88 mode 0
Event: 6177.212 Thread 0x000002575277d000 Uncommon trap: trap_request=0xffffffbe fr.pc=0x000002574317fba4 relative=0x0000000000000384
Event: 6177.212 Thread 0x000002575277d000 Uncommon trap: reason=profile_predicate action=maybe_recompile pc=0x000002574317fba4 method=java.net.URI$Parser.scan(IILjava/lang/String;Ljava/lang/String;)I @ 6 c2
Event: 6177.212 Thread 0x000002575277d000 DEOPT PACKING pc=0x000002574317fba4 sp=0x00000086fa1fae00
Event: 6177.212 Thread 0x000002575277d000 DEOPT UNPACKING pc=0x000002573a95662f sp=0x00000086fa1fad80 mode 2
Event: 6177.232 Thread 0x000002575277d000 Uncommon trap: trap_request=0xffffffbe fr.pc=0x000002574317fba4 relative=0x0000000000000384
Event: 6177.232 Thread 0x000002575277d000 Uncommon trap: reason=profile_predicate action=maybe_recompile pc=0x000002574317fba4 method=java.net.URI$Parser.scan(IILjava/lang/String;Ljava/lang/String;)I @ 6 c2
Event: 6177.232 Thread 0x000002575277d000 DEOPT PACKING pc=0x000002574317fba4 sp=0x00000086fa1fb150
Event: 6177.232 Thread 0x000002575277d000 DEOPT UNPACKING pc=0x000002573a95662f sp=0x00000086fa1fb0d0 mode 2
Event: 6177.233 Thread 0x000002575277d000 Uncommon trap: trap_request=0xffffffbe fr.pc=0x000002574317fba4 relative=0x0000000000000384
Event: 6177.233 Thread 0x000002575277d000 Uncommon trap: reason=profile_predicate action=maybe_recompile pc=0x000002574317fba4 method=java.net.URI$Parser.scan(IILjava/lang/String;Ljava/lang/String;)I @ 6 c2
Event: 6177.233 Thread 0x000002575277d000 DEOPT PACKING pc=0x000002574317fba4 sp=0x00000086fa1fb0b0
Event: 6177.233 Thread 0x000002575277d000 DEOPT UNPACKING pc=0x000002573a95662f sp=0x00000086fa1fb030 mode 2
Event: 6177.247 Thread 0x000002575277d000 Uncommon trap: trap_request=0xffffffbe fr.pc=0x000002574317fba4 relative=0x0000000000000384
Event: 6177.247 Thread 0x000002575277d000 Uncommon trap: reason=profile_predicate action=maybe_recompile pc=0x000002574317fba4 method=java.net.URI$Parser.scan(IILjava/lang/String;Ljava/lang/String;)I @ 6 c2
Event: 6177.247 Thread 0x000002575277d000 DEOPT PACKING pc=0x000002574317fba4 sp=0x00000086fa1fa0b0
Event: 6177.247 Thread 0x000002575277d000 DEOPT UNPACKING pc=0x000002573a95662f sp=0x00000086fa1fa030 mode 2

Classes redefined (0 events):
No events

Internal exceptions (20 events):
Event: 5941.246 Thread 0x000002575277f800 Exception <a 'java/lang/NoSuchMethodError'{0x000000008db75f88}: <clinit>> (0x000000008db75f88) thrown at [./src/hotspot/share/prims/jni.cpp, line 1362]
Event: 5941.249 Thread 0x000002575277f800 Exception <a 'java/lang/NoSuchMethodError'{0x000000008db8e6d8}: <clinit>> (0x000000008db8e6d8) thrown at [./src/hotspot/share/prims/jni.cpp, line 1362]
Event: 5941.250 Thread 0x000002575277f800 Exception <a 'java/lang/NoSuchMethodError'{0x000000008db9d1a8}: <clinit>> (0x000000008db9d1a8) thrown at [./src/hotspot/share/prims/jni.cpp, line 1362]
Event: 6086.166 Thread 0x0000025753d55000 Exception <a 'sun/nio/fs/WindowsException'{0x000000008c309478}> (0x000000008c309478) thrown at [./src/hotspot/share/prims/jni.cpp, line 615]
Event: 6086.198 Thread 0x0000025753d55000 Exception <a 'java/lang/NoClassDefFoundError'{0x000000008c026c70}: org/jetbrains/kotlin/gradle/plugin/KotlinBasePluginWrapper> (0x000000008c026c70) thrown at [./src/hotspot/share/oops/constantPool.cpp, line 775]
Event: 6086.217 Thread 0x0000025753d55000 Exception <a 'sun/nio/fs/WindowsException'{0x000000008bf539a0}> (0x000000008bf539a0) thrown at [./src/hotspot/share/prims/jni.cpp, line 615]
Event: 6086.224 Thread 0x0000025753d55000 Exception <a 'sun/nio/fs/WindowsException'{0x000000008bff7960}> (0x000000008bff7960) thrown at [./src/hotspot/share/prims/jni.cpp, line 615]
Event: 6086.224 Thread 0x0000025753d55000 Exception <a 'sun/nio/fs/WindowsException'{0x000000008bff8cd8}> (0x000000008bff8cd8) thrown at [./src/hotspot/share/prims/jni.cpp, line 615]
Event: 6086.224 Thread 0x0000025753d55000 Exception <a 'sun/nio/fs/WindowsException'{0x000000008bffa0a0}> (0x000000008bffa0a0) thrown at [./src/hotspot/share/prims/jni.cpp, line 615]
Event: 6086.224 Thread 0x0000025753d55000 Exception <a 'sun/nio/fs/WindowsException'{0x000000008bffb468}> (0x000000008bffb468) thrown at [./src/hotspot/share/prims/jni.cpp, line 615]
Event: 6088.036 Thread 0x0000025753d55000 Exception <a 'sun/nio/fs/WindowsException'{0x0000000090819d00}> (0x0000000090819d00) thrown at [./src/hotspot/share/prims/jni.cpp, line 615]
Event: 6088.036 Thread 0x0000025753d55000 Exception <a 'sun/nio/fs/WindowsException'{0x0000000090819d80}> (0x0000000090819d80) thrown at [./src/hotspot/share/prims/jni.cpp, line 615]
Event: 6088.037 Thread 0x0000025753d55000 Exception <a 'sun/nio/fs/WindowsException'{0x000000009081b700}> (0x000000009081b700) thrown at [./src/hotspot/share/prims/jni.cpp, line 615]
Event: 6177.587 Thread 0x000002575277d000 Exception <a 'sun/nio/fs/WindowsException'{0x000000008e36c568}> (0x000000008e36c568) thrown at [./src/hotspot/share/prims/jni.cpp, line 615]
Event: 6177.617 Thread 0x000002575277d000 Exception <a 'java/lang/NoClassDefFoundError'{0x000000008e0c9760}: org/jetbrains/kotlin/gradle/plugin/KotlinBasePluginWrapper> (0x000000008e0c9760) thrown at [./src/hotspot/share/oops/constantPool.cpp, line 775]
Event: 6177.638 Thread 0x000002575277d000 Exception <a 'sun/nio/fs/WindowsException'{0x000000008dff9998}> (0x000000008dff9998) thrown at [./src/hotspot/share/prims/jni.cpp, line 615]
Event: 6177.649 Thread 0x000002575277d000 Exception <a 'sun/nio/fs/WindowsException'{0x000000008dea17e0}> (0x000000008dea17e0) thrown at [./src/hotspot/share/prims/jni.cpp, line 615]
Event: 6177.649 Thread 0x000002575277d000 Exception <a 'sun/nio/fs/WindowsException'{0x000000008dea2b58}> (0x000000008dea2b58) thrown at [./src/hotspot/share/prims/jni.cpp, line 615]
Event: 6177.650 Thread 0x000002575277d000 Exception <a 'sun/nio/fs/WindowsException'{0x000000008dea3f20}> (0x000000008dea3f20) thrown at [./src/hotspot/share/prims/jni.cpp, line 615]
Event: 6177.650 Thread 0x000002575277d000 Exception <a 'sun/nio/fs/WindowsException'{0x000000008dea52e8}> (0x000000008dea52e8) thrown at [./src/hotspot/share/prims/jni.cpp, line 615]

Events (20 events):
Event: 6177.745 Thread 0x0000025753d55000 Thread added: 0x0000025753d55000
Event: 6177.746 Thread 0x00000257523e5800 Thread added: 0x00000257523e5800
Event: 6177.765 Executing VM operation: RevokeBias
Event: 6177.766 Executing VM operation: RevokeBias done
Event: 6177.766 Executing VM operation: RevokeBias
Event: 6177.766 Executing VM operation: RevokeBias done
Event: 6177.766 Executing VM operation: RevokeBias
Event: 6177.766 Executing VM operation: RevokeBias done
Event: 6177.766 Executing VM operation: RevokeBias
Event: 6177.767 Executing VM operation: RevokeBias done
Event: 6177.767 Executing VM operation: RevokeBias
Event: 6177.767 Executing VM operation: RevokeBias done
Event: 6177.767 Executing VM operation: RevokeBias
Event: 6177.767 Executing VM operation: RevokeBias done
Event: 6177.767 Executing VM operation: RevokeBias
Event: 6177.767 Executing VM operation: RevokeBias done
Event: 6177.767 Executing VM operation: RevokeBias
Event: 6177.767 Executing VM operation: RevokeBias done
Event: 6177.772 Executing VM operation: RevokeBias
Event: 6177.772 Executing VM operation: RevokeBias done


Dynamic libraries:
0x00007ff657360000 - 0x00007ff65736a000 	C:\Program Files\Android\Android Studio\jre\bin\java.exe
0x00007ffc68a70000 - 0x00007ffc68c65000 	C:\WINDOWS\SYSTEM32\ntdll.dll
0x00007ffc67430000 - 0x00007ffc674ee000 	C:\WINDOWS\System32\KERNEL32.DLL
0x00007ffc66760000 - 0x00007ffc66a28000 	C:\WINDOWS\System32\KERNELBASE.dll
0x00007ffc66340000 - 0x00007ffc66440000 	C:\WINDOWS\System32\ucrtbase.dll
0x00007ffc43910000 - 0x00007ffc43927000 	C:\Program Files\Android\Android Studio\jre\bin\VCRUNTIME140.dll
0x00007ffc435f0000 - 0x00007ffc43609000 	C:\Program Files\Android\Android Studio\jre\bin\jli.dll
0x00007ffc4cf00000 - 0x00007ffc4d19a000 	C:\WINDOWS\WinSxS\amd64_microsoft.windows.common-controls_6595b64144ccf1df_6.0.19041.1110_none_60b5254171f9507e\COMCTL32.dll
0x00007ffc66b90000 - 0x00007ffc66d30000 	C:\WINDOWS\System32\USER32.dll
0x00007ffc66ad0000 - 0x00007ffc66b6e000 	C:\WINDOWS\System32\msvcrt.dll
0x00007ffc66440000 - 0x00007ffc66462000 	C:\WINDOWS\System32\win32u.dll
0x00007ffc679e0000 - 0x00007ffc67a0b000 	C:\WINDOWS\System32\GDI32.dll
0x00007ffc66200000 - 0x00007ffc6630b000 	C:\WINDOWS\System32\gdi32full.dll
0x00007ffc66a30000 - 0x00007ffc66acd000 	C:\WINDOWS\System32\msvcp_win.dll
0x00007ffc66d30000 - 0x00007ffc66d60000 	C:\WINDOWS\System32\IMM32.DLL
0x00007ffc39130000 - 0x00007ffc391cd000 	C:\Program Files\Android\Android Studio\jre\bin\msvcp140.dll
0x00007ffc04890000 - 0x00007ffc05365000 	C:\Program Files\Android\Android Studio\jre\bin\server\jvm.dll
0x00007ffc67840000 - 0x00007ffc678ee000 	C:\WINDOWS\System32\ADVAPI32.dll
0x00007ffc66d60000 - 0x00007ffc66dfc000 	C:\WINDOWS\System32\sechost.dll
0x00007ffc67be0000 - 0x00007ffc67d05000 	C:\WINDOWS\System32\RPCRT4.dll
0x00007ffc674f0000 - 0x00007ffc674f8000 	C:\WINDOWS\System32\PSAPI.DLL
0x00007ffc63920000 - 0x00007ffc63929000 	C:\WINDOWS\SYSTEM32\WSOCK32.dll
0x00007ffc5f450000 - 0x00007ffc5f45a000 	C:\WINDOWS\SYSTEM32\VERSION.dll
0x00007ffc5dde0000 - 0x00007ffc5de07000 	C:\WINDOWS\SYSTEM32\WINMM.dll
0x00007ffc67500000 - 0x00007ffc6756b000 	C:\WINDOWS\System32\WS2_32.dll
0x00007ffc640c0000 - 0x00007ffc640d2000 	C:\WINDOWS\SYSTEM32\kernel.appcore.dll
0x00007ffc618b0000 - 0x00007ffc618c1000 	C:\Program Files\Android\Android Studio\jre\bin\verify.dll
0x00007ffc5fed0000 - 0x00007ffc600b4000 	C:\WINDOWS\SYSTEM32\DBGHELP.DLL
0x00007ffc55da0000 - 0x00007ffc55dcc000 	C:\WINDOWS\SYSTEM32\dbgcore.DLL
0x00007ffc665d0000 - 0x00007ffc66652000 	C:\WINDOWS\System32\bcryptPrimitives.dll
0x00007ffc44a80000 - 0x00007ffc44aa9000 	C:\Program Files\Android\Android Studio\jre\bin\java.dll
0x00007ffc618a0000 - 0x00007ffc618ab000 	C:\Program Files\Android\Android Studio\jre\bin\jimage.dll
0x00007ffc44a60000 - 0x00007ffc44a78000 	C:\Program Files\Android\Android Studio\jre\bin\zip.dll
0x00007ffc68280000 - 0x00007ffc689c4000 	C:\WINDOWS\System32\SHELL32.dll
0x00007ffc642c0000 - 0x00007ffc64a54000 	C:\WINDOWS\SYSTEM32\windows.storage.dll
0x00007ffc67d70000 - 0x00007ffc680c4000 	C:\WINDOWS\System32\combase.dll
0x00007ffc65b20000 - 0x00007ffc65b4c000 	C:\WINDOWS\SYSTEM32\Wldp.dll
0x00007ffc675d0000 - 0x00007ffc6767d000 	C:\WINDOWS\System32\SHCORE.dll
0x00007ffc67d10000 - 0x00007ffc67d65000 	C:\WINDOWS\System32\shlwapi.dll
0x00007ffc660d0000 - 0x00007ffc660ef000 	C:\WINDOWS\SYSTEM32\profapi.dll
0x00007ffc44a40000 - 0x00007ffc44a5a000 	C:\Program Files\Android\Android Studio\jre\bin\net.dll
0x00007ffc612d0000 - 0x00007ffc613d9000 	C:\WINDOWS\SYSTEM32\WINHTTP.dll
0x00007ffc65880000 - 0x00007ffc658ea000 	C:\WINDOWS\system32\mswsock.dll
0x00007ffc44a20000 - 0x00007ffc44a34000 	C:\Program Files\Android\Android Studio\jre\bin\nio.dll
0x00007ffc475f0000 - 0x00007ffc47617000 	C:\Users\asmal\.gradle\native\e1d6ef7f7dcc3fd88c89a11ec53ec762bb8ba0a96d01ffa2cd45eb1d1d8dd5c5\windows-amd64\native-platform.dll
0x00007ffc34670000 - 0x00007ffc347b4000 	C:\Users\asmal\.gradle\native\5664cfc778a61ccfe75a443a1ab52a65af34e5dc3c78e0209fed803814484fcb\windows-amd64\native-platform-file-events.dll
0x00007ffc4cdf0000 - 0x00007ffc4cdfa000 	C:\Program Files\Android\Android Studio\jre\bin\management.dll
0x00007ffc44a10000 - 0x00007ffc44a1d000 	C:\Program Files\Android\Android Studio\jre\bin\management_ext.dll
0x00007ffc65a70000 - 0x00007ffc65a88000 	C:\WINDOWS\SYSTEM32\CRYPTSP.dll
0x00007ffc65200000 - 0x00007ffc65234000 	C:\WINDOWS\system32\rsaenh.dll
0x00007ffc66310000 - 0x00007ffc66337000 	C:\WINDOWS\System32\bcrypt.dll
0x00007ffc66050000 - 0x00007ffc6607e000 	C:\WINDOWS\SYSTEM32\USERENV.dll
0x00007ffc65a90000 - 0x00007ffc65a9c000 	C:\WINDOWS\SYSTEM32\CRYPTBASE.dll
0x00007ffc65570000 - 0x00007ffc655ab000 	C:\WINDOWS\SYSTEM32\IPHLPAPI.DLL
0x00007ffc67420000 - 0x00007ffc67428000 	C:\WINDOWS\System32\NSI.dll
0x00007ffc5fc80000 - 0x00007ffc5fc97000 	C:\WINDOWS\SYSTEM32\dhcpcsvc6.DLL
0x00007ffc60210000 - 0x00007ffc6022d000 	C:\WINDOWS\SYSTEM32\dhcpcsvc.DLL
0x00007ffc655b0000 - 0x00007ffc6567a000 	C:\WINDOWS\SYSTEM32\DNSAPI.dll
0x00007ffc64e90000 - 0x00007ffc64ec3000 	C:\WINDOWS\SYSTEM32\ntmarta.dll
0x00007ffc440c0000 - 0x00007ffc440e7000 	C:\Program Files\Android\Android Studio\jre\bin\sunec.dll

dbghelp: loaded successfully - version: 4.0.5 - missing functions: none
symbol engine: initialized successfully - sym options: 0x614 - pdb path: .;C:\Program Files\Android\Android Studio\jre\bin;C:\WINDOWS\SYSTEM32;C:\WINDOWS\WinSxS\amd64_microsoft.windows.common-controls_6595b64144ccf1df_6.0.19041.1110_none_60b5254171f9507e;C:\Program Files\Android\Android Studio\jre\bin\server;C:\Users\asmal\.gradle\native\e1d6ef7f7dcc3fd88c89a11ec53ec762bb8ba0a96d01ffa2cd45eb1d1d8dd5c5\windows-amd64;C:\Users\asmal\.gradle\native\5664cfc778a61ccfe75a443a1ab52a65af34e5dc3c78e0209fed803814484fcb\windows-amd64

VM Arguments:
jvm_args: --add-opens=java.base/java.util=ALL-UNNAMED --add-opens=java.base/java.lang=ALL-UNNAMED --add-opens=java.base/java.lang.invoke=ALL-UNNAMED --add-opens=java.base/java.util=ALL-UNNAMED --add-opens=java.prefs/java.util.prefs=ALL-UNNAMED --add-opens=java.prefs/java.util.prefs=ALL-UNNAMED --add-opens=java.base/java.nio.charset=ALL-UNNAMED --add-opens=java.base/java.net=ALL-UNNAMED --add-opens=java.base/java.util.concurrent.atomic=ALL-UNNAMED -Xmx2048m -Dfile.encoding=UTF-8 -Duser.country=CR -Duser.language=es -Duser.variant 
java_command: org.gradle.launcher.daemon.bootstrap.GradleDaemon 7.2
java_class_path (initial): C:\Users\asmal\.gradle\wrapper\dists\gradle-7.2-bin\2dnblmf4td7x66yl1d74lt32g\gradle-7.2\lib\gradle-launcher-7.2.jar
Launcher Type: SUN_STANDARD

[Global flags]
     intx CICompilerCount                          = 3                                         {product} {ergonomic}
     uint ConcGCThreads                            = 1                                         {product} {ergonomic}
     uint G1ConcRefinementThreads                  = 4                                         {product} {ergonomic}
   size_t G1HeapRegionSize                         = 1048576                                   {product} {ergonomic}
    uintx GCDrainStackTargetSize                   = 64                                        {product} {ergonomic}
   size_t InitialHeapSize                          = 266338304                                 {product} {ergonomic}
   size_t MarkStackSize                            = 4194304                                   {product} {ergonomic}
   size_t MaxHeapSize                              = 2147483648                                {product} {command line}
   size_t MaxNewSize                               = 1287651328                                {product} {ergonomic}
   size_t MinHeapDeltaBytes                        = 1048576                                   {product} {ergonomic}
    uintx NonNMethodCodeHeapSize                   = 5830732                                {pd product} {ergonomic}
    uintx NonProfiledCodeHeapSize                  = 122913754                              {pd product} {ergonomic}
    uintx ProfiledCodeHeapSize                     = 122913754                              {pd product} {ergonomic}
    uintx ReservedCodeCacheSize                    = 251658240                              {pd product} {ergonomic}
     bool SegmentedCodeCache                       = true                                      {product} {ergonomic}
     bool UseCompressedClassPointers               = true                                 {lp64_product} {ergonomic}
     bool UseCompressedOops                        = true                                 {lp64_product} {ergonomic}
     bool UseG1GC                                  = true                                      {product} {ergonomic}
     bool UseLargePagesIndividualAllocation        = false                                  {pd product} {ergonomic}

Logging:
Log output configuration:
 #0: stdout all=warning uptime,level,tags
 #1: stderr all=off uptime,level,tags

Environment Variables:
PATH=C:\Program Files (x86)\Razer\ChromaBroadcast\bin;C:\Program Files\Razer\ChromaBroadcast\bin;C:\Python310\Scripts\;C:\Python310\;C:\WINDOWS\system32;C:\WINDOWS;C:\WINDOWS\System32\Wbem;C:\WINDOWS\System32\WindowsPowerShell\v1.0\;C:\WINDOWS\System32\OpenSSH\;C:\Program Files\Microsoft SQL Server\Client SDK\ODBC\170\Tools\Binn\;C:\Program Files (x86)\Microsoft SQL Server\150\Tools\Binn\;C:\Program Files\Microsoft SQL Server\150\Tools\Binn\;C:\Program Files\Microsoft SQL Server\150\DTS\Binn\;C:\Program Files (x86)\Microsoft SQL Server\150\DTS\Binn\;C:\Program Files\Azure Data Studio\bin;C:\Program Files\nodejs\;C:\ProgramData\chocolatey\bin;C:\Program Files\Git\cmd;C:\WINDOWS\system32\config\systemprofile\AppData\Local\Microsoft\WindowsApps;C:\Users\asmal\AppData\Local\Microsoft\WindowsApps;;C:\Users\asmal\AppData\Local\Programs\Microsoft VS Code\bin;C:\Program Files\Azure Data Studio\bin;C:\Users\asmal\AppData\Roaming\npm
USERNAME=asmal
OS=Windows_NT
PROCESSOR_IDENTIFIER=AMD64 Family 23 Model 24 Stepping 1, AuthenticAMD



---------------  S Y S T E M  ---------------

OS: Windows 10 , 64 bit Build 19041 (10.0.19041.1566)
OS uptime: 0 days 2:14 hours

CPU:total 4 (initial active 4) (4 cores per cpu, 1 threads per core) family 23 model 24 stepping 1 microcode 0x0, cmov, cx8, fxsr, mmx, sse, sse2, sse3, ssse3, sse4.1, sse4.2, popcnt, avx, avx2, aes, clmul, mmxext, 3dnowpref, lzcnt, sse4a, tsc, tscinvbit, tscinv, bmi1, bmi2, adx, sha, 

Memory: 4k page, system-wide physical 16166M (7258M free)
TotalPageFile size 16166M (AvailPageFile size 5191M)
current process WorkingSet (physical memory assigned to process): 558M, peak: 596M
current process commit charge ("private bytes"): 654M, peak: 672M

vm_info: OpenJDK 64-Bit Server VM (11.0.11+9-b60-7590822) for windows-amd64 JRE (11.0.11+9-b60-7590822), built on Jul 29 2021 21:43:44 by "builder" with MS VC++ 14.0 (VS2015)

END.
